This file contains any messages produced by compilers while
running configure, to aid debugging if configure makes a mistake.

It was created by configure, which was
generated by GNU Autoconf 2.59.  Invocation command line was

  $ ./configure 

## --------- ##
## Platform. ##
## --------- ##

hostname = cluster01.erlab
uname -m = i686
uname -r = 2.6.9-55.0.6.ELsmp
uname -s = Linux
uname -v = #1 SMP Tue Sep 4 21:36:00 EDT 2007

/usr/bin/uname -p = unknown
/bin/uname -X     = unknown

/bin/arch              = i686
/usr/bin/arch -k       = unknown
/usr/convex/getsysinfo = unknown
hostinfo               = unknown
/bin/machine           = unknown
/usr/bin/oslevel       = unknown
/bin/universe          = unknown

PATH: /opt/condor-6.8.6/bin
PATH: /opt/n1ge6/bin/lx24-x86
PATH: /opt/intel/fc/10.0.023/bin
PATH: /opt/intel/cc/10.0.023/bin
PATH: /opt/jdk1.5.0_12/bin
PATH: /opt/apache-ant-1.7.0/bin
PATH: /usr/kerberos/bin
PATH: /usr/local/bin
PATH: /bin
PATH: /usr/bin
PATH: /usr/X11R6/bin
PATH: /home/ysong/bin


## ----------- ##
## Core tests. ##
## ----------- ##

configure:1285: checking Shark version number
configure:1289: result: 1.4.4
configure:1292: checking machine hardware name
configure:1295: result: i686
configure:1298: checking kernel name
configure:1301: result: Linux
configure:1353: checking for gcc
configure:1369: found /usr/bin/gcc
configure:1379: result: gcc
configure:1623: checking for C compiler version
configure:1626: gcc --version </dev/null >&5
gcc (GCC) 3.4.6 20060404 (Red Hat 3.4.6-8)
Copyright (C) 2006 Free Software Foundation, Inc.
This is free software; see the source for copying conditions.  There is NO
warranty; not even for MERCHANTABILITY or FITNESS FOR A PARTICULAR PURPOSE.

configure:1629: $? = 0
configure:1631: gcc -v </dev/null >&5
Reading specs from /usr/lib/gcc/i386-redhat-linux/3.4.6/specs
Configured with: ../configure --prefix=/usr --mandir=/usr/share/man --infodir=/usr/share/info --enable-shared --enable-threads=posix --disable-checking --with-system-zlib --enable-__cxa_atexit --disable-libunwind-exceptions --enable-java-awt=gtk --host=i386-redhat-linux
Thread model: posix
gcc version 3.4.6 20060404 (Red Hat 3.4.6-8)
configure:1634: $? = 0
configure:1636: gcc -V </dev/null >&5
gcc: `-V' option must have argument
configure:1639: $? = 1
configure:1662: checking for C compiler default output file name
configure:1665: gcc    conftest.c  >&5
configure:1668: $? = 0
configure:1714: result: a.out
configure:1719: checking whether the C compiler works
configure:1725: ./a.out
configure:1728: $? = 0
configure:1745: result: yes
configure:1752: checking whether we are cross compiling
configure:1754: result: no
configure:1757: checking for suffix of executables
configure:1759: gcc -o conftest    conftest.c  >&5
configure:1762: $? = 0
configure:1787: result: 
configure:1793: checking for suffix of object files
configure:1814: gcc -c   conftest.c >&5
configure:1817: $? = 0
configure:1839: result: o
configure:1843: checking whether we are using the GNU C compiler
configure:1867: gcc -c   conftest.c >&5
configure:1873: $? = 0
configure:1877: test -z 
			 || test ! -s conftest.err
configure:1880: $? = 0
configure:1883: test -s conftest.o
configure:1886: $? = 0
configure:1899: result: yes
configure:1905: checking whether gcc accepts -g
configure:1926: gcc -c -g  conftest.c >&5
configure:1932: $? = 0
configure:1936: test -z 
			 || test ! -s conftest.err
configure:1939: $? = 0
configure:1942: test -s conftest.o
configure:1945: $? = 0
configure:1956: result: yes
configure:1973: checking for gcc option to accept ANSI C
configure:2043: gcc  -c -g -O2  conftest.c >&5
configure:2049: $? = 0
configure:2053: test -z 
			 || test ! -s conftest.err
configure:2056: $? = 0
configure:2059: test -s conftest.o
configure:2062: $? = 0
configure:2080: result: none needed
configure:2098: gcc -c -g -O2  conftest.c >&5
conftest.c:2: error: syntax error before "me"
configure:2104: $? = 1
configure: failed program was:
| #ifndef __cplusplus
|   choke me
| #endif
configure:2289: checking for g++
configure:2305: found /usr/bin/g++
configure:2315: result: g++
configure:2331: checking for C++ compiler version
configure:2334: g++ --version </dev/null >&5
g++ (GCC) 3.4.6 20060404 (Red Hat 3.4.6-8)
Copyright (C) 2006 Free Software Foundation, Inc.
This is free software; see the source for copying conditions.  There is NO
warranty; not even for MERCHANTABILITY or FITNESS FOR A PARTICULAR PURPOSE.

configure:2337: $? = 0
configure:2339: g++ -v </dev/null >&5
Reading specs from /usr/lib/gcc/i386-redhat-linux/3.4.6/specs
Configured with: ../configure --prefix=/usr --mandir=/usr/share/man --infodir=/usr/share/info --enable-shared --enable-threads=posix --disable-checking --with-system-zlib --enable-__cxa_atexit --disable-libunwind-exceptions --enable-java-awt=gtk --host=i386-redhat-linux
Thread model: posix
gcc version 3.4.6 20060404 (Red Hat 3.4.6-8)
configure:2342: $? = 0
configure:2344: g++ -V </dev/null >&5
g++: `-V' option must have argument
configure:2347: $? = 1
configure:2350: checking whether we are using the GNU C++ compiler
configure:2374: g++ -c   conftest.cc >&5
configure:2380: $? = 0
configure:2384: test -z 
			 || test ! -s conftest.err
configure:2387: $? = 0
configure:2390: test -s conftest.o
configure:2393: $? = 0
configure:2406: result: yes
configure:2412: checking whether g++ accepts -g
configure:2433: g++ -c -g  conftest.cc >&5
configure:2439: $? = 0
configure:2443: test -z 
			 || test ! -s conftest.err
configure:2446: $? = 0
configure:2449: test -s conftest.o
configure:2452: $? = 0
configure:2463: result: yes
configure:2505: g++ -c -g -O2  conftest.cc >&5
configure:2511: $? = 0
configure:2515: test -z 
			 || test ! -s conftest.err
configure:2518: $? = 0
configure:2521: test -s conftest.o
configure:2524: $? = 0
configure:2550: g++ -c -g -O2  conftest.cc >&5
conftest.cc: In function `int main()':
conftest.cc:13: error: `exit' was not declared in this scope
configure:2556: $? = 1
configure: failed program was:
| /* confdefs.h.  */
| 
| #define PACKAGE_NAME ""
| #define PACKAGE_TARNAME ""
| #define PACKAGE_VERSION ""
| #define PACKAGE_STRING ""
| #define PACKAGE_BUGREPORT ""
| /* end confdefs.h.  */
| 
| int
| main ()
| {
| exit (42);
|   ;
|   return 0;
| }
configure:2505: g++ -c -g -O2  conftest.cc >&5
configure:2511: $? = 0
configure:2515: test -z 
			 || test ! -s conftest.err
configure:2518: $? = 0
configure:2521: test -s conftest.o
configure:2524: $? = 0
configure:2550: g++ -c -g -O2  conftest.cc >&5
configure:2556: $? = 0
configure:2560: test -z 
			 || test ! -s conftest.err
configure:2563: $? = 0
configure:2566: test -s conftest.o
configure:2569: $? = 0
configure:2597: checking for flex
configure:2626: result: no
configure:2597: checking for lex
configure:2626: result: no
configure:2636: checking for yywrap in -lfl
configure:2666: gcc -o conftest -g -O2   conftest.c -lfl   >&5
/usr/bin/ld: cannot find -lfl
collect2: ld returned 1 exit status
configure:2672: $? = 1
configure: failed program was:
| /* confdefs.h.  */
| 
| #define PACKAGE_NAME ""
| #define PACKAGE_TARNAME ""
| #define PACKAGE_VERSION ""
| #define PACKAGE_STRING ""
| #define PACKAGE_BUGREPORT ""
| #ifdef __cplusplus
| extern "C" void std::exit (int) throw (); using std::exit;
| #endif
| /* end confdefs.h.  */
| 
| /* Override any gcc2 internal prototype to avoid an error.  */
| #ifdef __cplusplus
| extern "C"
| #endif
| /* We use char because int might match the return type of a gcc2
|    builtin and then its argument prototype would still apply.  */
| char yywrap ();
| int
| main ()
| {
| yywrap ();
|   ;
|   return 0;
| }
configure:2698: result: no
configure:2703: checking for yywrap in -ll
configure:2733: gcc -o conftest -g -O2   conftest.c -ll   >&5
/usr/bin/ld: cannot find -ll
collect2: ld returned 1 exit status
configure:2739: $? = 1
configure: failed program was:
| /* confdefs.h.  */
| 
| #define PACKAGE_NAME ""
| #define PACKAGE_TARNAME ""
| #define PACKAGE_VERSION ""
| #define PACKAGE_STRING ""
| #define PACKAGE_BUGREPORT ""
| #ifdef __cplusplus
| extern "C" void std::exit (int) throw (); using std::exit;
| #endif
| /* end confdefs.h.  */
| 
| /* Override any gcc2 internal prototype to avoid an error.  */
| #ifdef __cplusplus
| extern "C"
| #endif
| /* We use char because int might match the return type of a gcc2
|    builtin and then its argument prototype would still apply.  */
| char yywrap ();
| int
| main ()
| {
| yywrap ();
|   ;
|   return 0;
| }
configure:2765: result: no
configure:2871: checking for bison
configure:2900: result: no
configure:2871: checking for byacc
configure:2900: result: no
configure:2912: checking for gfind
configure:2945: result: no
configure:2912: checking for find
configure:2930: found /usr/bin/find
configure:2942: result: /usr/bin/find
configure:2963: checking for make
configure:2981: found /usr/bin/make
configure:2993: result: /usr/bin/make
configure:3014: checking for perl
configure:3032: found /usr/bin/perl
configure:3044: result: /usr/bin/perl
configure:3066: checking how to run the C preprocessor
configure:3101: gcc -E  conftest.c
configure:3107: $? = 0
configure:3139: gcc -E  conftest.c
conftest.c:12:28: ac_nonexistent.h: No such file or directory
configure:3145: $? = 1
configure: failed program was:
| /* confdefs.h.  */
| 
| #define PACKAGE_NAME ""
| #define PACKAGE_TARNAME ""
| #define PACKAGE_VERSION ""
| #define PACKAGE_STRING ""
| #define PACKAGE_BUGREPORT ""
| #ifdef __cplusplus
| extern "C" void std::exit (int) throw (); using std::exit;
| #endif
| /* end confdefs.h.  */
| #include <ac_nonexistent.h>
configure:3184: result: gcc -E
configure:3208: gcc -E  conftest.c
configure:3214: $? = 0
configure:3246: gcc -E  conftest.c
conftest.c:12:28: ac_nonexistent.h: No such file or directory
configure:3252: $? = 1
configure: failed program was:
| /* confdefs.h.  */
| 
| #define PACKAGE_NAME ""
| #define PACKAGE_TARNAME ""
| #define PACKAGE_VERSION ""
| #define PACKAGE_STRING ""
| #define PACKAGE_BUGREPORT ""
| #ifdef __cplusplus
| extern "C" void std::exit (int) throw (); using std::exit;
| #endif
| /* end confdefs.h.  */
| #include <ac_nonexistent.h>
configure:3296: checking for X
configure:3526: result: libraries /usr/X11R6/lib, headers /usr/X11R6/include
configure:3698: gcc -o conftest -g -O2   conftest.c   -L/usr/X11R6/lib -lX11 >&5
configure:3704: $? = 0
configure:3708: test -z 
			 || test ! -s conftest.err
configure:3711: $? = 0
configure:3714: test -s conftest
configure:3717: $? = 0
configure:3875: checking for gethostbyname
configure:3932: gcc -o conftest -g -O2   conftest.c  >&5
configure:3938: $? = 0
configure:3942: test -z 
			 || test ! -s conftest.err
configure:3945: $? = 0
configure:3948: test -s conftest
configure:3951: $? = 0
configure:3963: result: yes
configure:4114: checking for connect
configure:4171: gcc -o conftest -g -O2   conftest.c  >&5
configure:4177: $? = 0
configure:4181: test -z 
			 || test ! -s conftest.err
configure:4184: $? = 0
configure:4187: test -s conftest
configure:4190: $? = 0
configure:4202: result: yes
configure:4277: checking for remove
configure:4334: gcc -o conftest -g -O2   conftest.c  >&5
configure:4340: $? = 0
configure:4344: test -z 
			 || test ! -s conftest.err
configure:4347: $? = 0
configure:4350: test -s conftest
configure:4353: $? = 0
configure:4365: result: yes
configure:4440: checking for shmat
configure:4497: gcc -o conftest -g -O2   conftest.c  >&5
configure:4503: $? = 0
configure:4507: test -z 
			 || test ! -s conftest.err
configure:4510: $? = 0
configure:4513: test -s conftest
configure:4516: $? = 0
configure:4528: result: yes
configure:4612: checking for IceConnectionNumber in -lICE
configure:4642: gcc -o conftest -g -O2   -L/usr/X11R6/lib conftest.c -lICE   >&5
configure:4648: $? = 0
configure:4652: test -z 
			 || test ! -s conftest.err
configure:4655: $? = 0
configure:4658: test -s conftest
configure:4661: $? = 0
configure:4674: result: yes
configure:4686: checking for lesstif
configure:4719: result: no
configure:4725: checking for motif
configure:4751: result: no
configure:4757: checking for libm
configure:4767: result: no
configure:4772: checking for pvm
configure:4797: result: no
configure:4828: checking for Pagode
configure:4835: result: no
configure:4842: checking for MOO-EALib
configure:4849: result: yes
configure:4856: checking for SimAnn
configure:4863: result: no
configure:4870: checking for SpreadCAT
configure:4877: result: no
configure:4884: checking for SelfTest
configure:4896: result: no
configure:4901: checking for Makefiles of the tests of Array library
configure:4928: result: no
configure:4932: checking for Makefiles of the tests of LinAlg library
configure:4959: result: no
configure:4963: checking for Makefiles of the tests of EALib library
configure:4990: result: no
configure:4994: checking for Makefiles of the tests of ReClaM library
configure:5021: result: no
configure:5025: checking for Makefiles of the tests of Metric library
configure:5052: result: no
configure:5056: checking for Makefiles of the tests of Rng library
configure:5083: result: no
configure:5087: checking for Makefiles of the tests of SimAnn library
configure:5114: result: no
configure:5118: checking for Makefiles of the tests of TestData library
configure:5145: result: no
configure:5149: checking for Makefiles of the tests of Pagode library
configure:5176: result: no
configure:5180: checking for Makefiles of the tests of SpreadCAT library
configure:5207: result: no
configure:5211: checking for Makefiles of the tests of MOO-EALib library
configure:5238: result: no
configure:5246: checking for selftest sources
configure:5266: result: no
configure:5366: checking shared library suffix LIBEXT
configure:5368: result: .so
configure:5370: checking compiler flags CFLAGS
configure:5372: result: -D__LINUX__ -fpic
configure:5374: checking shared library flag LD_SHARED
configure:5376: result: -shared
configure:5378: checking X_LIBS
configure:5380: result:  -L/usr/X11R6/lib
configure:5382: checking X_LIBS_R
configure:5384: result: 
configure:5387: checking flags for release mode
configure:5390: result: -Wall -O3 -DNDEBUG  -fomit-frame-pointer  -finline-functions -ffast-math
configure:5394: checking flags for debug mode
configure:5397: result: -Wall -g -DDEBUG
configure:5534: creating ./config.status

## ---------------------- ##
## Running config.status. ##
## ---------------------- ##

This file was extended by config.status, which was
generated by GNU Autoconf 2.59.  Invocation command line was

  CONFIG_FILES    = 
  CONFIG_HEADERS  = 
  CONFIG_LINKS    = 
  CONFIG_COMMANDS = 
  $ ./config.status 

on cluster01.erlab

config.status:679: creating MOO-EALib/Makefile
config.status:679: creating MOO-EALib/examples/Makefile
config.status:679: creating MOO-EALib/doc/Makefile
config.status:679: creating MOO-EALib/man/Makefile
config.status:679: creating Makefile
config.status:679: creating Array/Makefile
config.status:679: creating Array/examples/Makefile
config.status:679: creating Array/man/Makefile
config.status:679: creating Array/doc/Makefile
config.status:679: creating EALib/Makefile
config.status:679: creating EALib/examples/Makefile
config.status:679: creating EALib/man/Makefile
config.status:679: creating EALib/doc/Makefile
config.status:679: creating LinAlg/Makefile
config.status:679: creating LinAlg/examples/Makefile
config.status:679: creating LinAlg/doc/Makefile
config.status:679: creating Metric/Makefile
config.status:679: creating Metric/examples/Makefile
config.status:679: creating Metric/doc/Makefile
config.status:679: creating Mixture/Makefile
config.status:679: creating Mixture/examples/Makefile
config.status:679: creating Mixture/doc/Makefile
config.status:679: creating ReClaM/Makefile
config.status:679: creating ReClaM/doc/Makefile
config.status:679: creating ReClaM/examples/Makefile
config.status:679: creating Rng/Makefile
config.status:679: creating Rng/man/Makefile
config.status:679: creating Rng/doc/Makefile
config.status:679: creating Rng/examples/Makefile
config.status:679: creating TestData/Makefile
config.status:679: creating TestData/RandomDistr/Makefile
config.status:679: creating TestData/TimeSeries/Makefile
config.status:679: creating TestData/TimeSeries/examples/Makefile

## ---------------- ##
## Cache variables. ##
## ---------------- ##

ac_cv_c_compiler_gnu=yes
ac_cv_cxx_compiler_gnu=yes
ac_cv_env_CC_set=
ac_cv_env_CC_value=
ac_cv_env_CFLAGS_set=
ac_cv_env_CFLAGS_value=
ac_cv_env_CPPFLAGS_set=
ac_cv_env_CPPFLAGS_value=
ac_cv_env_CPP_set=
ac_cv_env_CPP_value=
ac_cv_env_CXXFLAGS_set=
ac_cv_env_CXXFLAGS_value=
ac_cv_env_CXX_set=
ac_cv_env_CXX_value=
ac_cv_env_LDFLAGS_set=
ac_cv_env_LDFLAGS_value=
ac_cv_env_build_alias_set=
ac_cv_env_build_alias_value=
ac_cv_env_host_alias_set=
ac_cv_env_host_alias_value=
ac_cv_env_target_alias_set=
ac_cv_env_target_alias_value=
ac_cv_exeext=
ac_cv_func_connect=yes
ac_cv_func_gethostbyname=yes
ac_cv_func_remove=yes
ac_cv_func_shmat=yes
ac_cv_have_x='have_x=yes 		ac_x_includes=/usr/X11R6/include ac_x_libraries=/usr/X11R6/lib'
ac_cv_lib_ICE_IceConnectionNumber=yes
ac_cv_lib_fl_yywrap=no
ac_cv_lib_l_yywrap=no
ac_cv_objext=o
ac_cv_path_FIND=/usr/bin/find
ac_cv_path_MAKE=/usr/bin/make
ac_cv_path_PERL=/usr/bin/perl
ac_cv_prog_CPP='gcc -E'
ac_cv_prog_ac_ct_CC=gcc
ac_cv_prog_ac_ct_CXX=g++
ac_cv_prog_cc_g=yes
ac_cv_prog_cc_stdc=
ac_cv_prog_cxx_g=yes

## ----------------- ##
## Output variables. ##
## ----------------- ##

ARCH_MACH='i686'
ARRAY_TESTS=''
CC='gcc'
CFLAGS='-D__LINUX__ -fpic'
CFLAGS_D='-Wall -g -DDEBUG'
CFLAGS_ND='-Wall -O3 -DNDEBUG  -fomit-frame-pointer  -finline-functions -ffast-math'
CPP='gcc -E'
CPPFLAGS=''
CXX='g++'
CXXFLAGS='-g -O2'
DEFS='-DPACKAGE_NAME=\"\" -DPACKAGE_TARNAME=\"\" -DPACKAGE_VERSION=\"\" -DPACKAGE_STRING=\"\" -DPACKAGE_BUGREPORT=\"\" '
EALIB_TESTS=''
ECHO_C=''
ECHO_N='-n'
ECHO_T=''
EXEEXT=''
FIND='/usr/bin/find'
FLAG_MOEALIB='__is_existent__'
FLAG_PAGODE=''
FLAG_SELFTEST=''
FLAG_SIMANN=''
FLAG_SPREADCAT=''
HOST='Linux'
LDFLAGS=''
LD_SHARED='-shared'
LEX=':'
LEXLIB=''
LEX_OUTPUT_ROOT=''
LIBEXT='.so'
LIBOBJS=''
LIBS=''
LIBS_PVM=''
LINALG_TESTS=''
LTLIBOBJS=''
MAKE='/usr/bin/make'
METRIC_TESTS=''
MOO_EALIB_TESTS=''
OBJEXT='o'
PACKAGE_BUGREPORT=''
PACKAGE_NAME=''
PACKAGE_STRING=''
PACKAGE_TARNAME=''
PACKAGE_VERSION=''
PAGODE_TESTS=''
PATH_SEPARATOR=':'
PERL='/usr/bin/perl'
PVM_LDLIBS=''
PVM_ROOT=''
RECLAM_TESTS=''
RNG_TESTS=''
SELFTEST_DEPENS='notests'
SELFTEST_DIR='notestsdir'
SELFTEST_HEADERS_DIRECTORIES=''
SELFTEST_SOURCES_DIRECTORIES=''
SHARK_DIR=''
SHELL='/bin/sh'
SIMANN_TESTS=''
SPREAD_CAT_TESTS=''
TESTDATA_TESTS=''
VERSION='1.4.4'
X_CFLAGS=' -I/usr/X11R6/include'
X_EXTRA_LIBS=''
X_LIBS=' -L/usr/X11R6/lib'
X_LIBS_R=''
X_PRE_LIBS=' -lSM -lICE'
YACC='yacc'
ac_ct_CC='gcc'
ac_ct_CXX='g++'
bindir='${exec_prefix}/bin'
build_alias=''
datadir='${prefix}/share'
exec_prefix='${prefix}'
host_alias=''
includedir='${prefix}/include'
infodir='${prefix}/info'
libdir='${exec_prefix}/lib'
libexecdir='${exec_prefix}/libexec'
localstatedir='${prefix}/var'
mandir='${prefix}/man'
oldincludedir='/usr/include'
prefix='/usr/local'
program_transform_name='s,x,x,'
sbindir='${exec_prefix}/sbin'
sharedstatedir='${prefix}/com'
sysconfdir='${prefix}/etc'
target_alias=''

## ----------- ##
## confdefs.h. ##
## ----------- ##

#define PACKAGE_BUGREPORT ""
#define PACKAGE_NAME ""
#define PACKAGE_STRING ""
#define PACKAGE_TARNAME ""
#define PACKAGE_VERSION ""
#endif
#ifdef __cplusplus
extern "C" void std::exit (int) throw (); using std::exit;

configure: exit 0
