This is TeX, Version 3.14159 (Web2C 7.4.5) (format=latex 2007.8.1)  25 SEP 2007 17:38
**refman.tex
(./refman.tex
LaTeX2e <2001/06/01>
Babel <v3.7h> and hyphenation patterns for american, french, german, ngerman, n
ohyphenation, loaded.
(/usr/share/texmf/tex/latex/base/book.cls
Document Class: book 2001/04/21 v1.4e Standard LaTeX document class
(/usr/share/texmf/tex/latex/base/bk10.clo
File: bk10.clo 2001/04/21 v1.4e Standard LaTeX file (size option)
)
\c@part=\count79
\c@chapter=\count80
\c@section=\count81
\c@subsection=\count82
\c@subsubsection=\count83
\c@paragraph=\count84
\c@subparagraph=\count85
\c@figure=\count86
\c@table=\count87
\abovecaptionskip=\skip41
\belowcaptionskip=\skip42
\bibindent=\dimen102
)
(/usr/share/texmf/tex/latex/misc/a4wide.sty
Package: a4wide 1994/08/30

(/usr/share/texmf/tex/latex/ntgclass/a4.sty
Package: a4 1999/03/03 v1.2f A4 based page layout
))
(/usr/share/texmf/tex/latex/base/makeidx.sty
Package: makeidx 2000/03/29 v1.0m Standard LaTeX package
)
(/usr/share/texmf/tex/latex/fancyhdr/fancyhdr.sty
\headwidth=\dimen103
)
(/usr/share/texmf/tex/latex/graphics/graphicx.sty
Package: graphicx 1999/02/16 v1.0f Enhanced LaTeX Graphics (DPC,SPQR)

(/usr/share/texmf/tex/latex/graphics/keyval.sty
Package: keyval 1999/03/16 v1.13 key=value parser (DPC)
\KV@toks@=\toks14
)
(/usr/share/texmf/tex/latex/graphics/graphics.sty
Package: graphics 2001/07/07 v1.0n Standard LaTeX Graphics (DPC,SPQR)

(/usr/share/texmf/tex/latex/graphics/trig.sty
Package: trig 1999/03/16 v1.09 sin cos tan (DPC)
)
(/usr/share/texmf/tex/latex/config/graphics.cfg
File: graphics.cfg 2001/08/31 v1.1 graphics configuration of teTeX/TeXLive
)
Package graphics Info: Driver file: dvips.def on input line 80.

(/usr/share/texmf/tex/latex/graphics/dvips.def
File: dvips.def 1999/02/16 v3.0i Driver-dependant file (DPC,SPQR)
))
\Gin@req@height=\dimen104
\Gin@req@width=\dimen105
)
(/usr/share/texmf/tex/latex/tools/multicol.sty
Package: multicol 2000/07/10 v1.5z multicolumn formatting (FMi)
\c@tracingmulticols=\count88
\mult@box=\box26
\multicol@leftmargin=\dimen106
\c@unbalance=\count89
\c@collectmore=\count90
\doublecol@number=\count91
\multicoltolerance=\count92
\multicolpretolerance=\count93
\full@width=\dimen107
\page@free=\dimen108
\premulticols=\dimen109
\postmulticols=\dimen110
\multicolsep=\skip43
\multicolbaselineskip=\skip44
\partial@page=\box27
\last@line=\box28
\mult@rightbox=\box29
\mult@grightbox=\box30
\mult@gfirstbox=\box31
\mult@firstbox=\box32
\@tempa=\box33
\@tempa=\box34
\@tempa=\box35
\@tempa=\box36
\@tempa=\box37
\@tempa=\box38
\@tempa=\box39
\@tempa=\box40
\@tempa=\box41
\@tempa=\box42
\@tempa=\box43
\@tempa=\box44
\@tempa=\box45
\@tempa=\box46
\@tempa=\box47
\@tempa=\box48
\@tempa=\box49
\c@columnbadness=\count94
\c@finalcolumnbadness=\count95
\last@try=\dimen111
\multicolovershoot=\dimen112
\multicolundershoot=\dimen113
\mult@nat@firstbox=\box50
\colbreak@box=\box51
)
(/usr/share/texmf/tex/latex/misc/float.sty
Package: float 2001/11/08 v1.3d Float enhancements (AL)
\c@float@type=\count96
\float@exts=\toks15
\float@box=\box52
\@float@everytoks=\toks16
\@floatcapt=\box53
)
(/usr/share/texmf/tex/latex/base/textcomp.sty
Package: textcomp 2001/06/05 v1.94 Standard LaTeX package

(/usr/share/texmf/tex/latex/base/ts1enc.def
File: ts1enc.def 2001/06/05 v3.0e (jk/car/fm) Standard LaTeX file
))
(/usr/share/texmf/tex/latex/base/alltt.sty
Package: alltt 1997/06/16 v2.0g defines alltt environment
) (./doxygen.sty
Package: doxygen 

(/usr/share/texmf/tex/latex/tools/calc.sty
Package: calc 1998/07/07 v4.1b Infix arithmetic (KKT,FJ)
\calc@Acount=\count97
\calc@Bcount=\count98
\calc@Adimen=\dimen114
\calc@Bdimen=\dimen115
\calc@Askip=\skip45
\calc@Bskip=\skip46
LaTeX Info: Redefining \setlength on input line 59.
LaTeX Info: Redefining \addtolength on input line 60.
\calc@denominator=\count99
)
(/usr/share/texmf/tex/latex/tools/array.sty
Package: array 1998/05/13 v2.3m Tabular extension package (FMi)
\col@sep=\dimen116
\extrarowheight=\dimen117
\NC@list=\toks17
\extratabsurround=\skip47
\backup@length=\skip48
)
\tmplength=\skip49
)
(/usr/share/texmf/tex/latex/base/fontenc.sty
Package: fontenc 2001/06/05 v1.94 Standard LaTeX package

(/usr/share/texmf/tex/latex/base/t1enc.def
File: t1enc.def 2001/06/05 v1.94 Standard LaTeX file
LaTeX Font Info:    Redeclaring font encoding T1 on input line 38.
))
\@indexfile=\write3
\openout3 = `refman.idx'.


Writing index file refman.idx
(./refman.aux (./classKrigApprox.aux) (./classPatternSearch.aux))
\openout1 = `refman.aux'.

LaTeX Font Info:    Checking defaults for OML/cmm/m/it on input line 14.
LaTeX Font Info:    ... okay on input line 14.
LaTeX Font Info:    Checking defaults for T1/cmr/m/n on input line 14.
LaTeX Font Info:    ... okay on input line 14.
LaTeX Font Info:    Checking defaults for OT1/cmr/m/n on input line 14.
LaTeX Font Info:    ... okay on input line 14.
LaTeX Font Info:    Checking defaults for OMS/cmsy/m/n on input line 14.
LaTeX Font Info:    ... okay on input line 14.
LaTeX Font Info:    Checking defaults for OMX/cmex/m/n on input line 14.
LaTeX Font Info:    ... okay on input line 14.
LaTeX Font Info:    Checking defaults for U/cmr/m/n on input line 14.
LaTeX Font Info:    ... okay on input line 14.
LaTeX Font Info:    Checking defaults for TS1/cmr/m/n on input line 14.
LaTeX Font Info:    Try loading font information for TS1+cmr on input line 14.

(/usr/share/texmf/tex/latex/base/ts1cmr.fd
File: ts1cmr.fd 1999/05/25 v2.5h Standard LaTeX font definitions
)
LaTeX Font Info:    ... okay on input line 14.
 [1


] [2

] (./refman.toc
LaTeX Font Info:    External font `cmex10' loaded for size
(Font)              <7> on input line 2.
LaTeX Font Info:    External font `cmex10' loaded for size
(Font)              <5> on input line 2.
)
\tf@toc=\write4
\openout4 = `refman.toc'.

 [1

] [2

]
Chapter 1.
(./hierarchy.tex) [1

] [2

]
Chapter 2.
(./annotated.tex) [3] [4

]
Chapter 3.
(./files.tex

LaTeX Warning: Reference `approx_8h' on page 5 undefined on input line 3.


LaTeX Warning: Reference `cmat_8h' on page 5 undefined on input line 4.


LaTeX Warning: Reference `CompassSearch_8h' on page 5 undefined on input line 5
.


LaTeX Warning: Reference `cppmat_8h' on page 5 undefined on input line 6.


LaTeX Warning: Reference `DirectSearch_8h' on page 5 undefined on input line 7.



LaTeX Warning: Reference `Dyn__alloc_8h' on page 5 undefined on input line 8.


LaTeX Warning: Reference `f2c_8h' on page 5 undefined on input line 9.


LaTeX Warning: Reference `gamma_8h' on page 5 undefined on input line 10.


LaTeX Warning: Reference `gls_8h' on page 5 undefined on input line 11.


LaTeX Warning: Reference `krig_8h' on page 5 undefined on input line 12.


LaTeX Warning: Reference `krigify_8h' on page 5 undefined on input line 14.


LaTeX Warning: Reference `maps__general_8h' on page 5 undefined on input line 1
5.


LaTeX Warning: Reference `objective_8h' on page 5 undefined on input line 16.


LaTeX Warning: Reference `ParamEstimate_8h' on page 5 undefined on input line 1
7.


LaTeX Warning: Reference `PatternSearch_8h' on page 5 undefined on input line 1
8.


LaTeX Warning: Reference `rbf_8h' on page 5 undefined on input line 19.


LaTeX Warning: Reference `rngs_8h' on page 5 undefined on input line 20.


LaTeX Warning: Reference `rvgs_8h' on page 5 undefined on input line 21.


LaTeX Warning: Reference `vec_8h' on page 5 undefined on input line 22.

) [5] [6

]
Chapter 4.
(./classCompassSearch.tex
LaTeX Font Info:    Try loading font information for T1+cmtt on input line 3.
 (/usr/share/texmf/tex/latex/base/t1cmtt.fd
File: t1cmtt.fd 1999/05/25 v2.5h Standard LaTeX font definitions
)
File: classCompassSearch.eps Graphic file (type eps)

<classCompassSearch.eps> [7]
Underfull \hbox (badness 10000) in paragraph at lines 45--45

 []


Underfull \hbox (badness 10000) in paragraph at lines 59--59

 []


Underfull \hbox (badness 10000) in paragraph at lines 64--64

 []


Underfull \hbox (badness 10000) in paragraph at lines 73--73

 []


Underfull \hbox (badness 10000) in paragraph at lines 78--78

 []

[8]
Underfull \hbox (badness 10000) in paragraph at lines 93--93

 []


Underfull \hbox (badness 10000) in paragraph at lines 102--102

 []


Underfull \hbox (badness 10000) in paragraph at lines 109--109

 []


Underfull \hbox (badness 10000) in paragraph at lines 118--118

 []


Underfull \hbox (badness 10000) in paragraph at lines 123--123

 []


Underfull \hbox (badness 10000) in paragraph at lines 130--130

 []

) [9]
\openout2 = `classKrigApprox.aux'.

 (./classKrigApprox.tex
LaTeX Font Info:    External font `cmex10' loaded for size
(Font)              <9> on input line 18.
LaTeX Font Info:    External font `cmex10' loaded for size
(Font)              <6> on input line 18.

Underfull \hbox (badness 1137) in paragraph at lines 32--32
[]\T1/cmr/m/it/9 This func-tion ap-prox-i-mates the datas which are stored in t
he ar-rays $\OML/cmm/m/it/9 <$\T1/cmr/m/it/9 inputdata$\OML/cmm/m/it/9 >$ \T1/c
mr/m/it/9 and
 []


Underfull \hbox (badness 1137) in paragraph at lines 36--36
[]\T1/cmr/m/it/9 This func-tion ap-prox-i-mates the datas which are stored in t
he ar-rays $\OML/cmm/m/it/9 <$\T1/cmr/m/it/9 inputdata$\OML/cmm/m/it/9 >$ \T1/c
mr/m/it/9 and
 []

[10

]
Underfull \hbox (badness 10000) in paragraph at lines 59--59

 []


Underfull \hbox (badness 10000) in paragraph at lines 64--64

 []


Underfull \hbox (badness 10000) in paragraph at lines 76--76

 []


Underfull \hbox (badness 10000) in paragraph at lines 81--81

 []

[11]
Underfull \hbox (badness 10000) in paragraph at lines 93--93

 []


Underfull \hbox (badness 10000) in paragraph at lines 98--98

 []


Underfull \hbox (badness 10000) in paragraph at lines 110--110

 []


Underfull \hbox (badness 10000) in paragraph at lines 115--115

 []


Underfull \hbox (badness 10000) in paragraph at lines 127--127

 []


Underfull \hbox (badness 10000) in paragraph at lines 132--132

 []


Underfull \hbox (badness 10000) in paragraph at lines 144--144

 []


Underfull \hbox (badness 10000) in paragraph at lines 149--149

 []

[12]
Underfull \hbox (badness 10000) in paragraph at lines 161--161

 []


Underfull \hbox (badness 10000) in paragraph at lines 166--166

 []


Underfull \hbox (badness 10000) in paragraph at lines 178--178

 []


Underfull \hbox (badness 10000) in paragraph at lines 183--183

 []


Underfull \hbox (badness 1122) in paragraph at lines 192--193
\T1/cmr/m/n/10 This func-tion ap-prox-i-mates the datas which are stored in the
 ar-rays $\OML/cmm/m/it/10 <$\T1/cmr/m/n/10 inputdata$\OML/cmm/m/it/10 >$ \T1/c
mr/m/n/10 and
 []


Underfull \hbox (badness 10000) in paragraph at lines 195--195

 []


Underfull \hbox (badness 10000) in paragraph at lines 200--200

 []

[13]
Underfull \hbox (badness 10000) in paragraph at lines 212--212

 []


Underfull \hbox (badness 10000) in paragraph at lines 217--217

 []


Underfull \hbox (badness 1122) in paragraph at lines 226--227
\T1/cmr/m/n/10 This func-tion ap-prox-i-mates the datas which are stored in the
 ar-rays $\OML/cmm/m/it/10 <$\T1/cmr/m/n/10 inputdata$\OML/cmm/m/it/10 >$ \T1/c
mr/m/n/10 and
 []


Underfull \hbox (badness 10000) in paragraph at lines 229--229

 []


Underfull \hbox (badness 10000) in paragraph at lines 234--234

 []


Underfull \hbox (badness 10000) in paragraph at lines 246--246

 []


Underfull \hbox (badness 10000) in paragraph at lines 251--251

 []

) [14]
\openout2 = `classPatternSearch.aux'.

 (./classPatternSearch.tex
File: classPatternSearch.eps Graphic file (type eps)
 <classPatternSearch.eps> [15


]
Underfull \hbox (badness 10000) in paragraph at lines 98--98

 []


Underfull \hbox (badness 10000) in paragraph at lines 103--103

 []


Underfull \hbox (badness 10000) in paragraph at lines 110--110

 []


Underfull \hbox (badness 10000) in paragraph at lines 120--120

 []

[16]
Underfull \hbox (badness 10000) in paragraph at lines 145--145

 []


Underfull \hbox (badness 10000) in paragraph at lines 150--150

 []


Underfull \hbox (badness 10000) in paragraph at lines 152--152

 []


Underfull \hbox (badness 10000) in paragraph at lines 159--159

 []

[17]
Underfull \hbox (badness 10000) in paragraph at lines 164--164

 []


Underfull \hbox (badness 10000) in paragraph at lines 166--166

 []


Underfull \hbox (badness 10000) in paragraph at lines 173--173

 []


Underfull \hbox (badness 10000) in paragraph at lines 178--178

 []


Underfull \hbox (badness 10000) in paragraph at lines 192--192

 []


Underfull \hbox (badness 10000) in paragraph at lines 199--199

 []


Underfull \hbox (badness 10000) in paragraph at lines 204--204

 []


Underfull \hbox (badness 10000) in paragraph at lines 211--211

 []

[18]
Underfull \hbox (badness 10000) in paragraph at lines 216--216

 []


Underfull \hbox (badness 10000) in paragraph at lines 223--223

 []


Underfull \hbox (badness 10000) in paragraph at lines 228--228

 []


Underfull \hbox (badness 10000) in paragraph at lines 235--235

 []


Underfull \hbox (badness 10000) in paragraph at lines 240--240

 []


Underfull \hbox (badness 10000) in paragraph at lines 247--247

 []


Underfull \hbox (badness 10000) in paragraph at lines 252--252

 []

[19]
Underfull \hbox (badness 10000) in paragraph at lines 264--264

 []


Underfull \hbox (badness 10000) in paragraph at lines 269--269

 []


Underfull \hbox (badness 10000) in paragraph at lines 276--276

 []


Underfull \hbox (badness 10000) in paragraph at lines 281--281

 []


Underfull \hbox (badness 10000) in paragraph at lines 288--288

 []


Underfull \hbox (badness 10000) in paragraph at lines 293--293

 []


Underfull \hbox (badness 10000) in paragraph at lines 300--300

 []


Underfull \hbox (badness 10000) in paragraph at lines 305--305

 []


Underfull \hbox (badness 10000) in paragraph at lines 312--312

 []

[20]) [21] [22


]
Chapter 5.
(./KrigApprox_8h.tex) (./refman.ind [23] [24

] [25

]) (./refman.aux
(./classKrigApprox.aux) (./classPatternSearch.aux))

LaTeX Warning: There were undefined references.

 ) 
Here is how much of TeX's memory you used:
 1704 strings out of 95847
 22139 string characters out of 1194790
 68132 words of memory out of 1000001
 4591 multiletter control sequences out of 10000+50000
 16762 words of font info for 36 fonts, out of 500000 for 1000
 14 hyphenation exceptions out of 1000
 29i,11n,43p,642b,571s stack positions out of 1500i,500n,5000p,200000b,5000s

Output written on refman.dvi (29 pages, 58708 bytes).
