25.300000 1.000000 22.100000 
1.000000 17.500000 -12.300000 
4.000000 2.000000 32.000000 
38.200000 10.000000 -200.000000 
39.000000 39.000000 20.000000 
20.000000 39.000000 -20.000000 
36.000000 37.000000 30.000000 
0.000000 0.000000 -4.151988 
0.000000 1.000000 0.243136 
0.000000 2.000000 3.655660 
0.000000 3.000000 6.085585 
0.000000 4.000000 7.532909 
0.000000 5.000000 7.997633 
0.000000 6.000000 7.479758 
0.000000 7.000000 5.979282 
0.000000 8.000000 3.496206 
0.000000 9.000000 0.030530 
0.000000 10.000000 -4.417745 
0.000000 11.000000 -9.848621 
0.000000 12.000000 -16.262097 
0.000000 13.000000 -23.658173 
0.000000 14.000000 -32.036849 
0.000000 15.000000 -41.398125 
0.000000 16.000000 -51.742001 
0.000000 17.000000 -63.068477 
0.000000 18.000000 -75.377553 
0.000000 19.000000 -88.669230 
0.000000 20.000000 -102.943506 
0.000000 21.000000 -118.200382 
0.000000 22.000000 -134.439858 
0.000000 23.000000 -151.661935 
0.000000 24.000000 -169.866611 
0.000000 25.000000 -189.053887 
0.000000 26.000000 -209.223764 
0.000000 27.000000 -230.376240 
0.000000 28.000000 -252.511316 
0.000000 29.000000 -275.628993 
0.000000 30.000000 -299.729269 
0.000000 31.000000 -324.812146 
0.000000 32.000000 -350.877622 
0.000000 33.000000 -377.925699 
0.000000 34.000000 -405.956376 
0.000000 35.000000 -434.969652 
0.000000 36.000000 -464.965529 
0.000000 37.000000 -495.944006 
0.000000 38.000000 -527.905082 
0.000000 39.000000 -560.848759 
0.000000 40.000000 -594.775036 
1.000000 0.000000 12.315006 
1.000000 1.000000 17.366365 
1.000000 2.000000 21.435124 
1.000000 3.000000 24.521282 
1.000000 4.000000 26.624841 
1.000000 5.000000 27.745800 
1.000000 6.000000 27.884158 
1.000000 7.000000 27.039917 
1.000000 8.000000 25.213076 
1.000000 9.000000 22.403634 
1.000000 10.000000 18.611593 
1.000000 11.000000 13.836951 
1.000000 12.000000 8.079710 
1.000000 13.000000 1.339868 
1.000000 14.000000 -6.382574 
1.000000 15.000000 -15.087615 
1.000000 16.000000 -24.775257 
1.000000 17.000000 -35.445499 
1.000000 18.000000 -47.098340 
1.000000 19.000000 -59.733782 
1.000000 20.000000 -73.351824 
1.000000 21.000000 -87.952466 
1.000000 22.000000 -103.535708 
1.000000 23.000000 -120.101549 
1.000000 24.000000 -137.649991 
1.000000 25.000000 -156.181033 
1.000000 26.000000 -175.694675 
1.000000 27.000000 -196.190917 
1.000000 28.000000 -217.669759 
1.000000 29.000000 -240.131201 
1.000000 30.000000 -263.575244 
1.000000 31.000000 -288.001886 
1.000000 32.000000 -313.411128 
1.000000 33.000000 -339.802970 
1.000000 34.000000 -367.177412 
1.000000 35.000000 -395.534455 
1.000000 36.000000 -424.874097 
1.000000 37.000000 -455.196339 
1.000000 38.000000 -486.501182 
1.000000 39.000000 -518.788624 
1.000000 40.000000 -552.058667 
2.000000 0.000000 27.311387 
2.000000 1.000000 33.018980 
2.000000 2.000000 37.743973 
2.000000 3.000000 41.486366 
2.000000 4.000000 44.246159 
2.000000 5.000000 46.023352 
2.000000 6.000000 46.817946 
2.000000 7.000000 46.629939 
2.000000 8.000000 45.459331 
2.000000 9.000000 43.306124 
2.000000 10.000000 40.170317 
2.000000 11.000000 36.051910 
2.000000 12.000000 30.950903 
2.000000 13.000000 24.867296 
2.000000 14.000000 17.801089 
2.000000 15.000000 9.752281 
2.000000 16.000000 0.720874 
2.000000 17.000000 -9.293133 
2.000000 18.000000 -20.289741 
2.000000 19.000000 -32.268948 
2.000000 20.000000 -45.230755 
2.000000 21.000000 -59.175163 
2.000000 22.000000 -74.102170 
2.000000 23.000000 -90.011778 
2.000000 24.000000 -106.903985 
2.000000 25.000000 -124.778793 
2.000000 26.000000 -143.636201 
2.000000 27.000000 -163.476208 
2.000000 28.000000 -184.298816 
2.000000 29.000000 -206.104024 
2.000000 30.000000 -228.891831 
2.000000 31.000000 -252.662239 
2.000000 32.000000 -277.415247 
2.000000 33.000000 -303.150855 
2.000000 34.000000 -329.869063 
2.000000 35.000000 -357.569870 
2.000000 36.000000 -386.253278 
2.000000 37.000000 -415.919286 
2.000000 38.000000 -446.567894 
2.000000 39.000000 -478.199102 
2.000000 40.000000 -510.812910 
3.000000 0.000000 40.837154 
3.000000 1.000000 47.200982 
3.000000 2.000000 52.582209 
3.000000 3.000000 56.980837 
3.000000 4.000000 60.396864 
3.000000 5.000000 62.830292 
3.000000 6.000000 64.281119 
3.000000 7.000000 64.749347 
3.000000 8.000000 64.234974 
3.000000 9.000000 62.738001 
3.000000 10.000000 60.258429 
3.000000 11.000000 56.796256 
3.000000 12.000000 52.351483 
3.000000 13.000000 46.924110 
3.000000 14.000000 40.514137 
3.000000 15.000000 33.121565 
3.000000 16.000000 24.746392 
3.000000 17.000000 15.388619 
3.000000 18.000000 5.048246 
3.000000 19.000000 -6.274727 
3.000000 20.000000 -18.580300 
3.000000 21.000000 -31.868473 
3.000000 22.000000 -46.139246 
3.000000 23.000000 -61.392620 
3.000000 24.000000 -77.628593 
3.000000 25.000000 -94.847166 
3.000000 26.000000 -113.048339 
3.000000 27.000000 -132.232112 
3.000000 28.000000 -152.398486 
3.000000 29.000000 -173.547459 
3.000000 30.000000 -195.679032 
3.000000 31.000000 -218.793206 
3.000000 32.000000 -242.889979 
3.000000 33.000000 -267.969353 
3.000000 34.000000 -294.031326 
3.000000 35.000000 -321.075900 
3.000000 36.000000 -349.103073 
3.000000 37.000000 -378.112847 
3.000000 38.000000 -408.105220 
3.000000 39.000000 -439.080194 
3.000000 40.000000 -471.037768 
4.000000 0.000000 52.892308 
4.000000 1.000000 59.912370 
4.000000 2.000000 65.949832 
4.000000 3.000000 71.004694 
4.000000 4.000000 75.076956 
4.000000 5.000000 78.166618 
4.000000 6.000000 80.273680 
4.000000 7.000000 81.398141 
4.000000 8.000000 81.540003 
4.000000 9.000000 80.699265 
4.000000 10.000000 78.875927 
4.000000 11.000000 76.069988 
4.000000 12.000000 72.281450 
4.000000 13.000000 67.510311 
4.000000 14.000000 61.756573 
4.000000 15.000000 55.020234 
4.000000 16.000000 47.301296 
4.000000 17.000000 38.599757 
4.000000 18.000000 28.915619 
4.000000 19.000000 18.248880 
4.000000 20.000000 6.599541 
4.000000 21.000000 -6.032397 
4.000000 22.000000 -19.646936 
4.000000 23.000000 -34.244075 
4.000000 24.000000 -49.823814 
4.000000 25.000000 -66.386152 
4.000000 26.000000 -83.931091 
4.000000 27.000000 -102.458630 
4.000000 28.000000 -121.968769 
4.000000 29.000000 -142.461508 
4.000000 30.000000 -163.936847 
4.000000 31.000000 -186.394786 
4.000000 32.000000 -209.835325 
4.000000 33.000000 -234.258464 
4.000000 34.000000 -259.664203 
4.000000 35.000000 -286.052542 
4.000000 36.000000 -313.423481 
4.000000 37.000000 -341.777021 
4.000000 38.000000 -371.113160 
4.000000 39.000000 -401.431899 
4.000000 40.000000 -432.733238 
5.000000 0.000000 63.476849 
5.000000 1.000000 71.153146 
5.000000 2.000000 77.846842 
5.000000 3.000000 83.557938 
5.000000 4.000000 88.286434 
5.000000 5.000000 92.032331 
5.000000 6.000000 94.795627 
5.000000 7.000000 96.576323 
5.000000 8.000000 97.374419 
5.000000 9.000000 97.189915 
5.000000 10.000000 96.022811 
5.000000 11.000000 93.873107 
5.000000 12.000000 90.740803 
5.000000 13.000000 86.625899 
5.000000 14.000000 81.528395 
5.000000 15.000000 75.448291 
5.000000 16.000000 68.385587 
5.000000 17.000000 60.340282 
5.000000 18.000000 51.312378 
5.000000 19.000000 41.301874 
5.000000 20.000000 30.308770 
5.000000 21.000000 18.333065 
5.000000 22.000000 5.374761 
5.000000 23.000000 -8.566143 
5.000000 24.000000 -23.489648 
5.000000 25.000000 -39.395752 
5.000000 26.000000 -56.284457 
5.000000 27.000000 -74.155761 
5.000000 28.000000 -93.009666 
5.000000 29.000000 -112.846170 
5.000000 30.000000 -133.665275 
5.000000 31.000000 -155.466979 
5.000000 32.000000 -178.251284 
5.000000 33.000000 -202.018189 
5.000000 34.000000 -226.767694 
5.000000 35.000000 -252.499798 
5.000000 36.000000 -279.214503 
5.000000 37.000000 -306.911808 
5.000000 38.000000 -335.591713 
5.000000 39.000000 -365.254218 
5.000000 40.000000 -395.899323 
6.000000 0.000000 72.590776 
6.000000 1.000000 80.923307 
6.000000 2.000000 88.273238 
6.000000 3.000000 94.640569 
6.000000 4.000000 100.025299 
6.000000 5.000000 104.427430 
6.000000 6.000000 107.846960 
6.000000 7.000000 110.283891 
6.000000 8.000000 111.738221 
6.000000 9.000000 112.209952 
6.000000 10.000000 111.699082 
6.000000 11.000000 110.205613 
6.000000 12.000000 107.729543 
6.000000 13.000000 104.270873 
6.000000 14.000000 99.829604 
6.000000 15.000000 94.405734 
6.000000 16.000000 87.999264 
6.000000 17.000000 80.610194 
6.000000 18.000000 72.238524 
6.000000 19.000000 62.884255 
6.000000 20.000000 52.547385 
6.000000 21.000000 41.227915 
6.000000 22.000000 28.925845 
6.000000 23.000000 15.641175 
6.000000 24.000000 1.373905 
6.000000 25.000000 -13.875965 
6.000000 26.000000 -30.108435 
6.000000 27.000000 -47.323506 
6.000000 28.000000 -65.521176 
6.000000 29.000000 -84.701446 
6.000000 30.000000 -104.864316 
6.000000 31.000000 -126.009786 
6.000000 32.000000 -148.137857 
6.000000 33.000000 -171.248527 
6.000000 34.000000 -195.341797 
6.000000 35.000000 -220.417668 
6.000000 36.000000 -246.476138 
6.000000 37.000000 -273.517209 
6.000000 38.000000 -301.540879 
6.000000 39.000000 -330.547150 
6.000000 40.000000 -360.536020 
7.000000 0.000000 80.234090 
7.000000 1.000000 89.222855 
7.000000 2.000000 97.229021 
7.000000 3.000000 104.252586 
7.000000 4.000000 110.293551 
7.000000 5.000000 115.351916 
7.000000 6.000000 119.427680 
7.000000 7.000000 122.520845 
7.000000 8.000000 124.631410 
7.000000 9.000000 125.759375 
7.000000 10.000000 125.904740 
7.000000 11.000000 125.067505 
7.000000 12.000000 123.247669 
7.000000 13.000000 120.445234 
7.000000 14.000000 116.660199 
7.000000 15.000000 111.892563 
7.000000 16.000000 106.142328 
7.000000 17.000000 99.409493 
7.000000 18.000000 91.694057 
7.000000 19.000000 82.996022 
7.000000 20.000000 73.315386 
7.000000 21.000000 62.652151 
7.000000 22.000000 51.006315 
7.000000 23.000000 38.377879 
7.000000 24.000000 24.766844 
7.000000 25.000000 10.173208 
7.000000 26.000000 -5.403028 
7.000000 27.000000 -21.961863 
7.000000 28.000000 -39.503299 
7.000000 29.000000 -58.027335 
7.000000 30.000000 -77.533971 
7.000000 31.000000 -98.023207 
7.000000 32.000000 -119.495043 
7.000000 33.000000 -141.949479 
7.000000 34.000000 -165.386515 
7.000000 35.000000 -189.806151 
7.000000 36.000000 -215.208387 
7.000000 37.000000 -241.593223 
7.000000 38.000000 -268.960659 
7.000000 39.000000 -297.310695 
7.000000 40.000000 -326.643331 
8.000000 0.000000 86.406791 
8.000000 1.000000 96.051790 
8.000000 2.000000 104.714190 
8.000000 3.000000 112.393989 
8.000000 4.000000 119.091189 
8.000000 5.000000 124.805788 
8.000000 6.000000 129.537787 
8.000000 7.000000 133.287186 
8.000000 8.000000 136.053986 
8.000000 9.000000 137.838185 
8.000000 10.000000 138.639784 
8.000000 11.000000 138.458783 
8.000000 12.000000 137.295182 
8.000000 13.000000 135.148981 
8.000000 14.000000 132.020181 
8.000000 15.000000 127.908780 
8.000000 16.000000 122.814779 
8.000000 17.000000 116.738178 
8.000000 18.000000 109.678976 
8.000000 19.000000 101.637175 
8.000000 20.000000 92.612774 
8.000000 21.000000 82.605773 
8.000000 22.000000 71.616172 
8.000000 23.000000 59.643971 
8.000000 24.000000 46.689169 
8.000000 25.000000 32.751768 
8.000000 26.000000 17.831767 
8.000000 27.000000 1.929165 
8.000000 28.000000 -14.956036 
8.000000 29.000000 -32.823837 
8.000000 30.000000 -51.674239 
8.000000 31.000000 -71.507240 
8.000000 32.000000 -92.322842 
8.000000 33.000000 -114.121044 
8.000000 34.000000 -136.901845 
8.000000 35.000000 -160.665247 
8.000000 36.000000 -185.411248 
8.000000 37.000000 -211.139850 
8.000000 38.000000 -237.851052 
8.000000 39.000000 -265.544854 
8.000000 40.000000 -294.221255 
9.000000 0.000000 91.108878 
9.000000 1.000000 101.410112 
9.000000 2.000000 110.728746 
9.000000 3.000000 119.064779 
9.000000 4.000000 126.418213 
9.000000 5.000000 132.789047 
9.000000 6.000000 138.177281 
9.000000 7.000000 142.582914 
9.000000 8.000000 146.005948 
9.000000 9.000000 148.446381 
9.000000 10.000000 149.904215 
9.000000 11.000000 150.379449 
9.000000 12.000000 149.872082 
9.000000 13.000000 148.382115 
9.000000 14.000000 145.909549 
9.000000 15.000000 142.454382 
9.000000 16.000000 138.016616 
9.000000 17.000000 132.596249 
9.000000 18.000000 126.193282 
9.000000 19.000000 118.807716 
9.000000 20.000000 110.439549 
9.000000 21.000000 101.088782 
9.000000 22.000000 90.755415 
9.000000 23.000000 79.439448 
9.000000 24.000000 67.140882 
9.000000 25.000000 53.859715 
9.000000 26.000000 39.595948 
9.000000 27.000000 24.349581 
9.000000 28.000000 8.120614 
9.000000 29.000000 -9.090953 
9.000000 30.000000 -27.285120 
9.000000 31.000000 -46.461888 
9.000000 32.000000 -66.621255 
9.000000 33.000000 -87.763222 
9.000000 34.000000 -109.887789 
9.000000 35.000000 -132.994956 
9.000000 36.000000 -157.084724 
9.000000 37.000000 -182.157091 
9.000000 38.000000 -208.212058 
9.000000 39.000000 -235.249626 
9.000000 40.000000 -263.269793 
10.000000 0.000000 94.340352 
10.000000 1.000000 105.297820 
10.000000 2.000000 115.272688 
10.000000 3.000000 124.264956 
10.000000 4.000000 132.274624 
10.000000 5.000000 139.301692 
10.000000 6.000000 145.346161 
10.000000 7.000000 150.408029 
10.000000 8.000000 154.487297 
10.000000 9.000000 157.583965 
10.000000 10.000000 159.698032 
10.000000 11.000000 160.829500 
10.000000 12.000000 160.978368 
10.000000 13.000000 160.144636 
10.000000 14.000000 158.328304 
10.000000 15.000000 155.529372 
10.000000 16.000000 151.747839 
10.000000 17.000000 146.983707 
10.000000 18.000000 141.236975 
10.000000 19.000000 134.507643 
10.000000 20.000000 126.795710 
10.000000 21.000000 118.101178 
10.000000 22.000000 108.424045 
10.000000 23.000000 97.764313 
10.000000 24.000000 86.121980 
10.000000 25.000000 73.497048 
10.000000 26.000000 59.889515 
10.000000 27.000000 45.299383 
10.000000 28.000000 29.726650 
10.000000 29.000000 13.171317 
10.000000 30.000000 -4.366615 
10.000000 31.000000 -22.887148 
10.000000 32.000000 -42.390281 
10.000000 33.000000 -62.876014 
10.000000 34.000000 -84.344347 
10.000000 35.000000 -106.795279 
10.000000 36.000000 -130.228812 
10.000000 37.000000 -154.644945 
10.000000 38.000000 -180.043678 
10.000000 39.000000 -206.425011 
10.000000 40.000000 -233.788944 
11.000000 0.000000 96.101212 
11.000000 1.000000 107.714915 
11.000000 2.000000 118.346017 
11.000000 3.000000 127.994520 
11.000000 4.000000 136.660422 
11.000000 5.000000 144.343725 
11.000000 6.000000 151.044427 
11.000000 7.000000 156.762529 
11.000000 8.000000 161.498032 
11.000000 9.000000 165.250934 
11.000000 10.000000 168.021237 
11.000000 11.000000 169.808939 
11.000000 12.000000 170.614041 
11.000000 13.000000 170.436543 
11.000000 14.000000 169.276446 
11.000000 15.000000 167.133748 
11.000000 16.000000 164.008450 
11.000000 17.000000 159.900552 
11.000000 18.000000 154.810054 
11.000000 19.000000 148.736956 
11.000000 20.000000 141.681258 
11.000000 21.000000 133.642960 
11.000000 22.000000 124.622062 
11.000000 23.000000 114.618564 
11.000000 24.000000 103.632466 
11.000000 25.000000 91.663768 
11.000000 26.000000 78.712469 
11.000000 27.000000 64.778571 
11.000000 28.000000 49.862073 
11.000000 29.000000 33.962975 
11.000000 30.000000 17.081276 
11.000000 31.000000 -0.783022 
11.000000 32.000000 -19.629920 
11.000000 33.000000 -39.459419 
11.000000 34.000000 -60.271517 
11.000000 35.000000 -82.066216 
11.000000 36.000000 -104.843514 
11.000000 37.000000 -128.603413 
11.000000 38.000000 -153.345911 
11.000000 39.000000 -179.071010 
11.000000 40.000000 -205.778709 
12.000000 0.000000 96.391459 
12.000000 1.000000 108.661396 
12.000000 2.000000 119.948733 
12.000000 3.000000 130.253470 
12.000000 4.000000 139.575607 
12.000000 5.000000 147.915143 
12.000000 6.000000 155.272080 
12.000000 7.000000 161.646417 
12.000000 8.000000 167.038154 
12.000000 9.000000 171.447291 
12.000000 10.000000 174.873827 
12.000000 11.000000 177.317764 
12.000000 12.000000 178.779101 
12.000000 13.000000 179.257837 
12.000000 14.000000 178.753974 
12.000000 15.000000 177.267510 
12.000000 16.000000 174.798447 
12.000000 17.000000 171.346783 
12.000000 18.000000 166.912520 
12.000000 19.000000 161.495656 
12.000000 20.000000 155.096192 
12.000000 21.000000 147.714129 
12.000000 22.000000 139.349465 
12.000000 23.000000 130.002201 
12.000000 24.000000 119.672338 
12.000000 25.000000 108.359874 
12.000000 26.000000 96.064810 
12.000000 27.000000 82.787146 
12.000000 28.000000 68.526882 
12.000000 29.000000 53.284018 
12.000000 30.000000 37.058555 
12.000000 31.000000 19.850491 
12.000000 32.000000 1.659827 
12.000000 33.000000 -17.513438 
12.000000 34.000000 -37.669302 
12.000000 35.000000 -58.807766 
12.000000 36.000000 -80.928830 
12.000000 37.000000 -104.032494 
12.000000 38.000000 -128.118758 
12.000000 39.000000 -153.187622 
12.000000 40.000000 -179.239087 
13.000000 0.000000 95.211092 
13.000000 1.000000 108.137264 
13.000000 2.000000 120.080835 
13.000000 3.000000 131.041806 
13.000000 4.000000 141.020178 
13.000000 5.000000 150.015949 
13.000000 6.000000 158.029120 
13.000000 7.000000 165.059691 
13.000000 8.000000 171.107662 
13.000000 9.000000 176.173033 
13.000000 10.000000 180.255804 
13.000000 11.000000 183.355976 
13.000000 12.000000 185.473547 
13.000000 13.000000 186.608518 
13.000000 14.000000 186.760888 
13.000000 15.000000 185.930659 
13.000000 16.000000 184.117830 
13.000000 17.000000 181.322401 
13.000000 18.000000 177.544372 
13.000000 19.000000 172.783743 
13.000000 20.000000 167.040514 
13.000000 21.000000 160.314684 
13.000000 22.000000 152.606255 
13.000000 23.000000 143.915226 
13.000000 24.000000 134.241596 
13.000000 25.000000 123.585367 
13.000000 26.000000 111.946537 
13.000000 27.000000 99.325108 
13.000000 28.000000 85.721078 
13.000000 29.000000 71.134449 
13.000000 30.000000 55.565219 
13.000000 31.000000 39.013390 
13.000000 32.000000 21.478960 
13.000000 33.000000 2.961930 
13.000000 34.000000 -16.537699 
13.000000 35.000000 -37.019929 
13.000000 36.000000 -58.484759 
13.000000 37.000000 -80.932188 
13.000000 38.000000 -104.362218 
13.000000 39.000000 -128.774848 
13.000000 40.000000 -154.170078 
14.000000 0.000000 92.560112 
14.000000 1.000000 106.142518 
14.000000 2.000000 118.742324 
14.000000 3.000000 130.359529 
14.000000 4.000000 140.994135 
14.000000 5.000000 150.646141 
14.000000 6.000000 159.315546 
14.000000 7.000000 167.002352 
14.000000 8.000000 173.706557 
14.000000 9.000000 179.428163 
14.000000 10.000000 184.167168 
14.000000 11.000000 187.923574 
14.000000 12.000000 190.697379 
14.000000 13.000000 192.488585 
14.000000 14.000000 193.297190 
14.000000 15.000000 193.123195 
14.000000 16.000000 191.966600 
14.000000 17.000000 189.827406 
14.000000 18.000000 186.705611 
14.000000 19.000000 182.601216 
14.000000 20.000000 177.514221 
14.000000 21.000000 171.444626 
14.000000 22.000000 164.392431 
14.000000 23.000000 156.357636 
14.000000 24.000000 147.340241 
14.000000 25.000000 137.340246 
14.000000 26.000000 126.357651 
14.000000 27.000000 114.392456 
14.000000 28.000000 101.444661 
14.000000 29.000000 87.514266 
14.000000 30.000000 72.601271 
14.000000 31.000000 56.705676 
14.000000 32.000000 39.827480 
14.000000 33.000000 21.966685 
14.000000 34.000000 3.123290 
14.000000 35.000000 -16.702706 
14.000000 36.000000 -37.511301 
14.000000 37.000000 -59.302496 
14.000000 38.000000 -82.076292 
14.000000 39.000000 -105.832687 
14.000000 40.000000 -130.571683 
15.000000 0.000000 88.438519 
15.000000 1.000000 102.677159 
15.000000 2.000000 115.933199 
15.000000 3.000000 128.206639 
15.000000 4.000000 139.497479 
15.000000 5.000000 149.805719 
15.000000 6.000000 159.131359 
15.000000 7.000000 167.474399 
15.000000 8.000000 174.834839 
15.000000 9.000000 181.212679 
15.000000 10.000000 186.607919 
15.000000 11.000000 191.020559 
15.000000 12.000000 194.450598 
15.000000 13.000000 196.898038 
15.000000 14.000000 198.362878 
15.000000 15.000000 198.845118 
15.000000 16.000000 198.344757 
15.000000 17.000000 196.861797 
15.000000 18.000000 194.396236 
15.000000 19.000000 190.948076 
15.000000 20.000000 186.517315 
15.000000 21.000000 181.103955 
15.000000 22.000000 174.707994 
15.000000 23.000000 167.329434 
15.000000 24.000000 158.968273 
15.000000 25.000000 149.624513 
15.000000 26.000000 139.298152 
15.000000 27.000000 127.989191 
15.000000 28.000000 115.697630 
15.000000 29.000000 102.423470 
15.000000 30.000000 88.166709 
15.000000 31.000000 72.927348 
15.000000 32.000000 56.705387 
15.000000 33.000000 39.500826 
15.000000 34.000000 21.313665 
15.000000 35.000000 2.143904 
15.000000 36.000000 -18.008457 
15.000000 37.000000 -39.143418 
15.000000 38.000000 -61.260979 
15.000000 39.000000 -84.361140 
15.000000 40.000000 -108.443901 
16.000000 0.000000 82.846312 
16.000000 1.000000 97.741187 
16.000000 2.000000 111.653461 
16.000000 3.000000 124.583136 
16.000000 4.000000 136.530210 
16.000000 5.000000 147.494684 
16.000000 6.000000 157.476559 
16.000000 7.000000 166.475833 
16.000000 8.000000 174.492507 
16.000000 9.000000 181.526582 
16.000000 10.000000 187.578056 
16.000000 11.000000 192.646930 
16.000000 12.000000 196.733204 
16.000000 13.000000 199.836878 
16.000000 14.000000 201.957952 
16.000000 15.000000 203.096426 
16.000000 16.000000 203.252300 
16.000000 17.000000 202.425574 
16.000000 18.000000 200.616248 
16.000000 19.000000 197.824322 
16.000000 20.000000 194.049796 
16.000000 21.000000 189.292670 
16.000000 22.000000 183.552944 
16.000000 23.000000 176.830618 
16.000000 24.000000 169.125692 
16.000000 25.000000 160.438165 
16.000000 26.000000 150.768039 
16.000000 27.000000 140.115313 
16.000000 28.000000 128.479986 
16.000000 29.000000 115.862060 
16.000000 30.000000 102.261533 
16.000000 31.000000 87.678407 
16.000000 32.000000 72.112681 
16.000000 33.000000 55.564354 
16.000000 34.000000 38.033427 
16.000000 35.000000 19.519901 
16.000000 36.000000 0.023774 
16.000000 37.000000 -20.454952 
16.000000 38.000000 -41.916279 
16.000000 39.000000 -64.360206 
16.000000 40.000000 -87.786732 
17.000000 0.000000 75.783492 
17.000000 1.000000 91.334601 
17.000000 2.000000 105.903110 
17.000000 3.000000 119.489019 
17.000000 4.000000 132.092327 
17.000000 5.000000 143.713036 
17.000000 6.000000 154.351145 
17.000000 7.000000 164.006654 
17.000000 8.000000 172.679562 
17.000000 9.000000 180.369871 
17.000000 10.000000 187.077579 
17.000000 11.000000 192.802688 
17.000000 12.000000 197.545197 
17.000000 13.000000 201.305105 
17.000000 14.000000 204.082414 
17.000000 15.000000 205.877122 
17.000000 16.000000 206.689230 
17.000000 17.000000 206.518739 
17.000000 18.000000 205.365647 
17.000000 19.000000 203.229955 
17.000000 20.000000 200.111664 
17.000000 21.000000 196.010772 
17.000000 22.000000 190.927280 
17.000000 23.000000 184.861188 
17.000000 24.000000 177.812497 
17.000000 25.000000 169.781205 
17.000000 26.000000 160.767313 
17.000000 27.000000 150.770821 
17.000000 28.000000 139.791729 
17.000000 29.000000 127.830037 
17.000000 30.000000 114.885745 
17.000000 31.000000 100.958853 
17.000000 32.000000 86.049361 
17.000000 33.000000 70.157268 
17.000000 34.000000 53.282576 
17.000000 35.000000 35.425284 
17.000000 36.000000 16.585392 
17.000000 37.000000 -3.237100 
17.000000 38.000000 -24.042193 
17.000000 39.000000 -45.829885 
17.000000 40.000000 -68.600177 
18.000000 0.000000 67.250059 
18.000000 1.000000 83.457402 
18.000000 2.000000 98.682145 
18.000000 3.000000 112.924288 
18.000000 4.000000 126.183831 
18.000000 5.000000 138.460775 
18.000000 6.000000 149.755118 
18.000000 7.000000 160.066861 
18.000000 8.000000 169.396004 
18.000000 9.000000 177.742547 
18.000000 10.000000 185.106490 
18.000000 11.000000 191.487833 
18.000000 12.000000 196.886576 
18.000000 13.000000 201.302718 
18.000000 14.000000 204.736261 
18.000000 15.000000 207.187204 
18.000000 16.000000 208.655547 
18.000000 17.000000 209.141290 
18.000000 18.000000 208.644432 
18.000000 19.000000 207.164975 
18.000000 20.000000 204.702918 
18.000000 21.000000 201.258260 
18.000000 22.000000 196.831003 
18.000000 23.000000 191.421146 
18.000000 24.000000 185.028688 
18.000000 25.000000 177.653631 
18.000000 26.000000 169.295973 
18.000000 27.000000 159.955715 
18.000000 28.000000 149.632858 
18.000000 29.000000 138.327400 
18.000000 30.000000 126.039343 
18.000000 31.000000 112.768685 
18.000000 32.000000 98.515427 
18.000000 33.000000 83.279569 
18.000000 34.000000 67.061112 
18.000000 35.000000 49.860054 
18.000000 36.000000 31.676396 
18.000000 37.000000 12.510138 
18.000000 38.000000 -7.638720 
18.000000 39.000000 -28.770178 
18.000000 40.000000 -50.884236 
19.000000 0.000000 57.246012 
19.000000 1.000000 74.109589 
19.000000 2.000000 89.990567 
19.000000 3.000000 104.888944 
19.000000 4.000000 118.804722 
19.000000 5.000000 131.737899 
19.000000 6.000000 143.688477 
19.000000 7.000000 154.656454 
19.000000 8.000000 164.641832 
19.000000 9.000000 173.644609 
19.000000 10.000000 181.664787 
19.000000 11.000000 188.702364 
19.000000 12.000000 194.757341 
19.000000 13.000000 199.829718 
19.000000 14.000000 203.919496 
19.000000 15.000000 207.026673 
19.000000 16.000000 209.151250 
19.000000 17.000000 210.293227 
19.000000 18.000000 210.452604 
19.000000 19.000000 209.629381 
19.000000 20.000000 207.823558 
19.000000 21.000000 205.035135 
19.000000 22.000000 201.264112 
19.000000 23.000000 196.510489 
19.000000 24.000000 190.774266 
19.000000 25.000000 184.055443 
19.000000 26.000000 176.354020 
19.000000 27.000000 167.669997 
19.000000 28.000000 158.003374 
19.000000 29.000000 147.354150 
19.000000 30.000000 135.722327 
19.000000 31.000000 123.107904 
19.000000 32.000000 109.510880 
19.000000 33.000000 94.931257 
19.000000 34.000000 79.369034 
19.000000 35.000000 62.824210 
19.000000 36.000000 45.296787 
19.000000 37.000000 26.786763 
19.000000 38.000000 7.294140 
19.000000 39.000000 -13.181084 
19.000000 40.000000 -34.638908 
20.000000 0.000000 45.771351 
20.000000 1.000000 63.291163 
20.000000 2.000000 79.828375 
20.000000 3.000000 95.382987 
20.000000 4.000000 109.954999 
20.000000 5.000000 123.544411 
20.000000 6.000000 136.151223 
20.000000 7.000000 147.775435 
20.000000 8.000000 158.417046 
20.000000 9.000000 168.076058 
20.000000 10.000000 176.752470 
20.000000 11.000000 184.446282 
20.000000 12.000000 191.157493 
20.000000 13.000000 196.886105 
20.000000 14.000000 201.632117 
20.000000 15.000000 205.395528 
20.000000 16.000000 208.176340 
20.000000 17.000000 209.974551 
20.000000 18.000000 210.790163 
20.000000 19.000000 210.623174 
20.000000 20.000000 209.473586 
20.000000 21.000000 207.341397 
20.000000 22.000000 204.226608 
20.000000 23.000000 200.129220 
20.000000 24.000000 195.049231 
20.000000 25.000000 188.986642 
20.000000 26.000000 181.941453 
20.000000 27.000000 173.913665 
20.000000 28.000000 164.903276 
20.000000 29.000000 154.910287 
20.000000 30.000000 143.934698 
20.000000 31.000000 131.976509 
20.000000 32.000000 119.035720 
20.000000 33.000000 105.112331 
20.000000 34.000000 90.206342 
20.000000 35.000000 74.317753 
20.000000 36.000000 57.446564 
20.000000 37.000000 39.592775 
20.000000 38.000000 20.756386 
20.000000 39.000000 0.937396 
20.000000 40.000000 -19.864193 
21.000000 0.000000 32.826077 
21.000000 1.000000 51.002124 
21.000000 2.000000 68.195570 
21.000000 3.000000 84.406417 
21.000000 4.000000 99.634663 
21.000000 5.000000 113.880309 
21.000000 6.000000 127.143355 
21.000000 7.000000 139.423802 
21.000000 8.000000 150.721648 
21.000000 9.000000 161.036894 
21.000000 10.000000 170.369540 
21.000000 11.000000 178.719586 
21.000000 12.000000 186.087032 
21.000000 13.000000 192.471878 
21.000000 14.000000 197.874124 
21.000000 15.000000 202.293770 
21.000000 16.000000 205.730816 
21.000000 17.000000 208.185262 
21.000000 18.000000 209.657108 
21.000000 19.000000 210.146354 
21.000000 20.000000 209.652999 
21.000000 21.000000 208.177045 
21.000000 22.000000 205.718491 
21.000000 23.000000 202.277337 
21.000000 24.000000 197.853582 
21.000000 25.000000 192.447228 
21.000000 26.000000 186.058274 
21.000000 27.000000 178.686719 
21.000000 28.000000 170.332565 
21.000000 29.000000 160.995810 
21.000000 30.000000 150.676456 
21.000000 31.000000 139.374501 
21.000000 32.000000 127.089946 
21.000000 33.000000 113.822792 
21.000000 34.000000 99.573037 
21.000000 35.000000 84.340683 
21.000000 36.000000 68.125728 
21.000000 37.000000 50.928173 
21.000000 38.000000 32.748018 
21.000000 39.000000 13.585263 
21.000000 40.000000 -6.560091 
22.000000 0.000000 18.410190 
22.000000 1.000000 37.242471 
22.000000 2.000000 55.092152 
22.000000 3.000000 71.959233 
22.000000 4.000000 87.843713 
22.000000 5.000000 102.745594 
22.000000 6.000000 116.664874 
22.000000 7.000000 129.601555 
22.000000 8.000000 141.555636 
22.000000 9.000000 152.527116 
22.000000 10.000000 162.515997 
22.000000 11.000000 171.522277 
22.000000 12.000000 179.545958 
22.000000 13.000000 186.587038 
22.000000 14.000000 192.645518 
22.000000 15.000000 197.721399 
22.000000 16.000000 201.814679 
22.000000 17.000000 204.925359 
22.000000 18.000000 207.053439 
22.000000 19.000000 208.198920 
22.000000 20.000000 208.361800 
22.000000 21.000000 207.542080 
22.000000 22.000000 205.739760 
22.000000 23.000000 202.954840 
22.000000 24.000000 199.187320 
22.000000 25.000000 194.437200 
22.000000 26.000000 188.704480 
22.000000 27.000000 181.989160 
22.000000 28.000000 174.291240 
22.000000 29.000000 165.610720 
22.000000 30.000000 155.947600 
22.000000 31.000000 145.301880 
22.000000 32.000000 133.673559 
22.000000 33.000000 121.062639 
22.000000 34.000000 107.469119 
22.000000 35.000000 92.892999 
22.000000 36.000000 77.334278 
22.000000 37.000000 60.792958 
22.000000 38.000000 43.269038 
22.000000 39.000000 24.762517 
22.000000 40.000000 5.273397 
23.000000 0.000000 2.523690 
23.000000 1.000000 22.012205 
23.000000 2.000000 40.518120 
23.000000 3.000000 58.041435 
23.000000 4.000000 74.582150 
23.000000 5.000000 90.140265 
23.000000 6.000000 104.715780 
23.000000 7.000000 118.308695 
23.000000 8.000000 130.919010 
23.000000 9.000000 142.546725 
23.000000 10.000000 153.191840 
23.000000 11.000000 162.854355 
23.000000 12.000000 171.534270 
23.000000 13.000000 179.231584 
23.000000 14.000000 185.946299 
23.000000 15.000000 191.678414 
23.000000 16.000000 196.427928 
23.000000 17.000000 200.194843 
23.000000 18.000000 202.979158 
23.000000 19.000000 204.780872 
23.000000 20.000000 205.599987 
23.000000 21.000000 205.436501 
23.000000 22.000000 204.290416 
23.000000 23.000000 202.161730 
23.000000 24.000000 199.050445 
23.000000 25.000000 194.956559 
23.000000 26.000000 189.880074 
23.000000 27.000000 183.820988 
23.000000 28.000000 176.779302 
23.000000 29.000000 168.755016 
23.000000 30.000000 159.748131 
23.000000 31.000000 149.758645 
23.000000 32.000000 138.786559 
23.000000 33.000000 126.831873 
23.000000 34.000000 113.894587 
23.000000 35.000000 99.974701 
23.000000 36.000000 85.072215 
23.000000 37.000000 69.187129 
23.000000 38.000000 52.319443 
23.000000 39.000000 34.469157 
23.000000 40.000000 15.636271 
24.000000 0.000000 -14.833424 
24.000000 1.000000 5.311325 
24.000000 2.000000 24.473475 
24.000000 3.000000 42.653024 
24.000000 4.000000 59.849974 
24.000000 5.000000 76.064323 
24.000000 6.000000 91.296072 
24.000000 7.000000 105.545222 
24.000000 8.000000 118.811771 
24.000000 9.000000 131.095720 
24.000000 10.000000 142.397070 
24.000000 11.000000 152.715819 
24.000000 12.000000 162.051968 
24.000000 13.000000 170.405517 
24.000000 14.000000 177.776466 
24.000000 15.000000 184.164815 
24.000000 16.000000 189.570565 
24.000000 17.000000 193.993714 
24.000000 18.000000 197.434263 
24.000000 19.000000 199.892212 
24.000000 20.000000 201.367560 
24.000000 21.000000 201.860309 
24.000000 22.000000 201.370458 
24.000000 23.000000 199.898007 
24.000000 24.000000 197.442956 
24.000000 25.000000 194.005305 
24.000000 26.000000 189.585053 
24.000000 27.000000 184.182202 
24.000000 28.000000 177.796751 
24.000000 29.000000 170.428699 
24.000000 30.000000 162.078048 
24.000000 31.000000 152.744797 
24.000000 32.000000 142.428945 
24.000000 33.000000 131.130494 
24.000000 34.000000 118.849442 
24.000000 35.000000 105.585791 
24.000000 36.000000 91.339539 
24.000000 37.000000 76.110687 
24.000000 38.000000 59.899236 
24.000000 39.000000 42.705184 
24.000000 40.000000 24.528532 
25.000000 0.000000 -33.661152 
25.000000 1.000000 -12.860168 
25.000000 2.000000 6.958216 
25.000000 3.000000 25.794000 
25.000000 4.000000 43.647184 
25.000000 5.000000 60.517768 
25.000000 6.000000 76.405751 
25.000000 7.000000 91.311135 
25.000000 8.000000 105.233919 
25.000000 9.000000 118.174102 
25.000000 10.000000 130.131686 
25.000000 11.000000 141.106670 
25.000000 12.000000 151.099053 
25.000000 13.000000 160.108837 
25.000000 14.000000 168.136020 
25.000000 15.000000 175.180604 
25.000000 16.000000 181.242587 
25.000000 17.000000 186.321971 
25.000000 18.000000 190.418754 
25.000000 19.000000 193.532937 
25.000000 20.000000 195.664521 
25.000000 21.000000 196.813504 
25.000000 22.000000 196.979887 
25.000000 23.000000 196.163670 
25.000000 24.000000 194.364854 
25.000000 25.000000 191.583437 
25.000000 26.000000 187.819420 
25.000000 27.000000 183.072803 
25.000000 28.000000 177.343586 
25.000000 29.000000 170.631769 
25.000000 30.000000 162.937352 
25.000000 31.000000 154.260335 
25.000000 32.000000 144.600718 
25.000000 33.000000 133.958501 
25.000000 34.000000 122.333684 
25.000000 35.000000 109.726267 
25.000000 36.000000 96.136249 
25.000000 37.000000 81.563632 
25.000000 38.000000 66.008415 
25.000000 39.000000 49.470598 
25.000000 40.000000 31.950180 
26.000000 0.000000 -53.959492 
26.000000 1.000000 -32.502274 
26.000000 2.000000 -12.027656 
26.000000 3.000000 7.464362 
26.000000 4.000000 25.973781 
26.000000 5.000000 43.500599 
26.000000 6.000000 60.044817 
26.000000 7.000000 75.606435 
26.000000 8.000000 90.185453 
26.000000 9.000000 103.781871 
26.000000 10.000000 116.395689 
26.000000 11.000000 128.026907 
26.000000 12.000000 138.675525 
26.000000 13.000000 148.341543 
26.000000 14.000000 157.024961 
26.000000 15.000000 164.725779 
26.000000 16.000000 171.443997 
26.000000 17.000000 177.179614 
26.000000 18.000000 181.932632 
26.000000 19.000000 185.703050 
26.000000 20.000000 188.490867 
26.000000 21.000000 190.296085 
26.000000 22.000000 191.118703 
26.000000 23.000000 190.958720 
26.000000 24.000000 189.816138 
26.000000 25.000000 187.690955 
26.000000 26.000000 184.583173 
26.000000 27.000000 180.492790 
26.000000 28.000000 175.419808 
26.000000 29.000000 169.364225 
26.000000 30.000000 162.326043 
26.000000 31.000000 154.305260 
26.000000 32.000000 145.301877 
26.000000 33.000000 135.315895 
26.000000 34.000000 124.347312 
26.000000 35.000000 112.396129 
26.000000 36.000000 99.462346 
26.000000 37.000000 85.545963 
26.000000 38.000000 70.646980 
26.000000 39.000000 54.765398 
26.000000 40.000000 37.901215 
27.000000 0.000000 -75.728447 
27.000000 1.000000 -53.614994 
27.000000 2.000000 -32.484141 
27.000000 3.000000 -12.335889 
27.000000 4.000000 6.829764 
27.000000 5.000000 25.012816 
27.000000 6.000000 42.213269 
27.000000 7.000000 58.431121 
27.000000 8.000000 73.666374 
27.000000 9.000000 87.919026 
27.000000 10.000000 101.189079 
27.000000 11.000000 113.476531 
27.000000 12.000000 124.781383 
27.000000 13.000000 135.103636 
27.000000 14.000000 144.443288 
27.000000 15.000000 152.800340 
27.000000 16.000000 160.174792 
27.000000 17.000000 166.566645 
27.000000 18.000000 171.975897 
27.000000 19.000000 176.402549 
27.000000 20.000000 179.846601 
27.000000 21.000000 182.308053 
27.000000 22.000000 183.786905 
27.000000 23.000000 184.283157 
27.000000 24.000000 183.796809 
27.000000 25.000000 182.327861 
27.000000 26.000000 179.876313 
27.000000 27.000000 176.442164 
27.000000 28.000000 172.025416 
27.000000 29.000000 166.626068 
27.000000 30.000000 160.244120 
27.000000 31.000000 152.879572 
27.000000 32.000000 144.532423 
27.000000 33.000000 135.202675 
27.000000 34.000000 124.890327 
27.000000 35.000000 113.595378 
27.000000 36.000000 101.317830 
27.000000 37.000000 88.057681 
27.000000 38.000000 73.814933 
27.000000 39.000000 58.589584 
27.000000 40.000000 42.381636 
28.000000 0.000000 -98.968014 
28.000000 1.000000 -76.198327 
28.000000 2.000000 -54.411240 
28.000000 3.000000 -33.606753 
28.000000 4.000000 -13.784866 
28.000000 5.000000 5.054421 
28.000000 6.000000 22.911108 
28.000000 7.000000 39.785194 
28.000000 8.000000 55.676681 
28.000000 9.000000 70.585568 
28.000000 10.000000 84.511855 
28.000000 11.000000 97.455542 
28.000000 12.000000 109.416628 
28.000000 13.000000 120.395115 
28.000000 14.000000 130.391002 
28.000000 15.000000 139.404288 
28.000000 16.000000 147.434975 
28.000000 17.000000 154.483061 
28.000000 18.000000 160.548548 
28.000000 19.000000 165.631434 
28.000000 20.000000 169.731721 
28.000000 21.000000 172.849407 
28.000000 22.000000 174.984494 
28.000000 23.000000 176.136980 
28.000000 24.000000 176.306866 
28.000000 25.000000 175.494153 
28.000000 26.000000 173.698839 
28.000000 27.000000 170.920925 
28.000000 28.000000 167.160411 
28.000000 29.000000 162.417297 
28.000000 30.000000 156.691584 
28.000000 31.000000 149.983270 
28.000000 32.000000 142.292356 
28.000000 33.000000 133.618842 
28.000000 34.000000 123.962728 
28.000000 35.000000 113.324014 
28.000000 36.000000 101.702700 
28.000000 37.000000 89.098786 
28.000000 38.000000 75.512272 
28.000000 39.000000 60.943157 
28.000000 40.000000 45.391443 
29.000000 0.000000 -123.678195 
29.000000 1.000000 -100.252274 
29.000000 2.000000 -77.808952 
29.000000 3.000000 -56.348231 
29.000000 4.000000 -35.870110 
29.000000 5.000000 -16.374588 
29.000000 6.000000 2.138333 
29.000000 7.000000 19.668654 
29.000000 8.000000 36.216375 
29.000000 9.000000 51.781497 
29.000000 10.000000 66.364018 
29.000000 11.000000 79.963939 
29.000000 12.000000 92.581260 
29.000000 13.000000 104.215981 
29.000000 14.000000 114.868102 
29.000000 15.000000 124.537623 
29.000000 16.000000 133.224544 
29.000000 17.000000 140.928865 
29.000000 18.000000 147.650586 
29.000000 19.000000 153.389707 
29.000000 20.000000 158.146227 
29.000000 21.000000 161.920148 
29.000000 22.000000 164.711469 
29.000000 23.000000 166.520190 
29.000000 24.000000 167.346310 
29.000000 25.000000 167.189831 
29.000000 26.000000 166.050752 
29.000000 27.000000 163.929072 
29.000000 28.000000 160.824793 
29.000000 29.000000 156.737913 
29.000000 30.000000 151.668434 
29.000000 31.000000 145.616354 
29.000000 32.000000 138.581675 
29.000000 33.000000 130.564395 
29.000000 34.000000 121.564516 
29.000000 35.000000 111.582036 
29.000000 36.000000 100.616956 
29.000000 37.000000 88.669277 
29.000000 38.000000 75.738997 
29.000000 39.000000 61.826117 
29.000000 40.000000 46.930637 
30.000000 0.000000 -149.858990 
30.000000 1.000000 -125.776834 
30.000000 2.000000 -102.677278 
30.000000 3.000000 -80.560322 
30.000000 4.000000 -59.425967 
30.000000 5.000000 -39.274211 
30.000000 6.000000 -20.105055 
30.000000 7.000000 -1.918500 
30.000000 8.000000 15.285456 
30.000000 9.000000 31.506812 
30.000000 10.000000 46.745567 
30.000000 11.000000 61.001723 
30.000000 12.000000 74.275278 
30.000000 13.000000 86.566233 
30.000000 14.000000 97.874589 
30.000000 15.000000 108.200344 
30.000000 16.000000 117.543500 
30.000000 17.000000 125.904055 
30.000000 18.000000 133.282010 
30.000000 19.000000 139.677365 
30.000000 20.000000 145.090121 
30.000000 21.000000 149.520276 
30.000000 22.000000 152.967831 
30.000000 23.000000 155.432786 
30.000000 24.000000 156.915141 
30.000000 25.000000 157.414896 
30.000000 26.000000 156.932051 
30.000000 27.000000 155.466606 
30.000000 28.000000 153.018561 
30.000000 29.000000 149.587916 
30.000000 30.000000 145.174671 
30.000000 31.000000 139.778826 
30.000000 32.000000 133.400381 
30.000000 33.000000 126.039335 
30.000000 34.000000 117.695690 
30.000000 35.000000 108.369445 
30.000000 36.000000 98.060600 
30.000000 37.000000 86.769154 
30.000000 38.000000 74.495109 
30.000000 39.000000 61.238464 
30.000000 40.000000 46.999218 
31.000000 0.000000 -177.510398 
31.000000 1.000000 -152.772007 
31.000000 2.000000 -129.016217 
31.000000 3.000000 -106.243027 
31.000000 4.000000 -84.452437 
31.000000 5.000000 -63.644447 
31.000000 6.000000 -43.819057 
31.000000 7.000000 -24.976267 
31.000000 8.000000 -7.116077 
31.000000 9.000000 9.761513 
31.000000 10.000000 25.656503 
31.000000 11.000000 40.568893 
31.000000 12.000000 54.498683 
31.000000 13.000000 67.445873 
31.000000 14.000000 79.410462 
31.000000 15.000000 90.392452 
31.000000 16.000000 100.391842 
31.000000 17.000000 109.408632 
31.000000 18.000000 117.442821 
31.000000 19.000000 124.494411 
31.000000 20.000000 130.563400 
31.000000 21.000000 135.649790 
31.000000 22.000000 139.753579 
31.000000 23.000000 142.874769 
31.000000 24.000000 145.013358 
31.000000 25.000000 146.169348 
31.000000 26.000000 146.342737 
31.000000 27.000000 145.533527 
31.000000 28.000000 143.741716 
31.000000 29.000000 140.967305 
31.000000 30.000000 137.210295 
31.000000 31.000000 132.470684 
31.000000 32.000000 126.748473 
31.000000 33.000000 120.043662 
31.000000 34.000000 112.356251 
31.000000 35.000000 103.686240 
31.000000 36.000000 94.033630 
31.000000 37.000000 83.398419 
31.000000 38.000000 71.780608 
31.000000 39.000000 59.180197 
31.000000 40.000000 45.597186 
32.000000 0.000000 -206.632419 
32.000000 1.000000 -181.237794 
32.000000 2.000000 -156.825770 
32.000000 3.000000 -133.396345 
32.000000 4.000000 -110.949521 
32.000000 5.000000 -89.485296 
32.000000 6.000000 -69.003672 
32.000000 7.000000 -49.504647 
32.000000 8.000000 -30.988223 
32.000000 9.000000 -13.454399 
32.000000 10.000000 3.096826 
32.000000 11.000000 18.665450 
32.000000 12.000000 33.251474 
32.000000 13.000000 46.854898 
32.000000 14.000000 59.475722 
32.000000 15.000000 71.113947 
32.000000 16.000000 81.769571 
32.000000 17.000000 91.442595 
32.000000 18.000000 100.133019 
32.000000 19.000000 107.840843 
32.000000 20.000000 114.566067 
32.000000 21.000000 120.308691 
32.000000 22.000000 125.068715 
32.000000 23.000000 128.846138 
32.000000 24.000000 131.640962 
32.000000 25.000000 133.453186 
32.000000 26.000000 134.282810 
32.000000 27.000000 134.129834 
32.000000 28.000000 132.994257 
32.000000 29.000000 130.876081 
32.000000 30.000000 127.775305 
32.000000 31.000000 123.691928 
32.000000 32.000000 118.625952 
32.000000 33.000000 112.577375 
32.000000 34.000000 105.546199 
32.000000 35.000000 97.532423 
32.000000 36.000000 88.536046 
32.000000 37.000000 78.557069 
32.000000 38.000000 67.595493 
32.000000 39.000000 55.651316 
32.000000 40.000000 42.724539 
33.000000 0.000000 -237.225053 
33.000000 1.000000 -211.174194 
33.000000 2.000000 -186.105935 
33.000000 3.000000 -162.020277 
33.000000 4.000000 -138.917218 
33.000000 5.000000 -116.796759 
33.000000 6.000000 -95.658900 
33.000000 7.000000 -75.503641 
33.000000 8.000000 -56.330983 
33.000000 9.000000 -38.140924 
33.000000 10.000000 -20.933465 
33.000000 11.000000 -4.708607 
33.000000 12.000000 10.533652 
33.000000 13.000000 24.793311 
33.000000 14.000000 38.070369 
33.000000 15.000000 50.364828 
33.000000 16.000000 61.676686 
33.000000 17.000000 72.005945 
33.000000 18.000000 81.352603 
33.000000 19.000000 89.716661 
33.000000 20.000000 97.098120 
33.000000 21.000000 103.496978 
33.000000 22.000000 108.913236 
33.000000 23.000000 113.346895 
33.000000 24.000000 116.797953 
33.000000 25.000000 119.266411 
33.000000 26.000000 120.752269 
33.000000 27.000000 121.255527 
33.000000 28.000000 120.776185 
33.000000 29.000000 119.314243 
33.000000 30.000000 116.869701 
33.000000 31.000000 113.442559 
33.000000 32.000000 109.032817 
33.000000 33.000000 103.640475 
33.000000 34.000000 97.265533 
33.000000 35.000000 89.907991 
33.000000 36.000000 81.567849 
33.000000 37.000000 72.245107 
33.000000 38.000000 61.939765 
33.000000 39.000000 50.651822 
33.000000 40.000000 38.381280 
34.000000 0.000000 -269.288301 
34.000000 1.000000 -242.581208 
34.000000 2.000000 -216.856715 
34.000000 3.000000 -192.114821 
34.000000 4.000000 -168.355528 
34.000000 5.000000 -145.578835 
34.000000 6.000000 -123.784742 
34.000000 7.000000 -102.973249 
34.000000 8.000000 -83.144356 
34.000000 9.000000 -64.298062 
34.000000 10.000000 -46.434369 
34.000000 11.000000 -29.553276 
34.000000 12.000000 -13.654783 
34.000000 13.000000 1.261110 
34.000000 14.000000 15.194402 
34.000000 15.000000 28.145095 
34.000000 16.000000 40.113188 
34.000000 17.000000 51.098681 
34.000000 18.000000 61.101574 
34.000000 19.000000 70.121867 
34.000000 20.000000 78.159559 
34.000000 21.000000 85.214652 
34.000000 22.000000 91.287145 
34.000000 23.000000 96.377037 
34.000000 24.000000 100.484330 
34.000000 25.000000 103.609022 
34.000000 26.000000 105.751115 
34.000000 27.000000 106.910608 
34.000000 28.000000 107.087500 
34.000000 29.000000 106.281792 
34.000000 30.000000 104.493485 
34.000000 31.000000 101.722577 
34.000000 32.000000 97.969070 
34.000000 33.000000 93.232962 
34.000000 34.000000 87.514254 
34.000000 35.000000 80.812946 
34.000000 36.000000 73.129039 
34.000000 37.000000 64.462531 
34.000000 38.000000 54.813423 
34.000000 39.000000 44.181715 
34.000000 40.000000 32.567407 
35.000000 0.000000 -302.822163 
35.000000 1.000000 -275.458835 
35.000000 2.000000 -249.078107 
35.000000 3.000000 -223.679980 
35.000000 4.000000 -199.264452 
35.000000 5.000000 -175.831525 
35.000000 6.000000 -153.381197 
35.000000 7.000000 -131.913469 
35.000000 8.000000 -111.428342 
35.000000 9.000000 -91.925815 
35.000000 10.000000 -73.405887 
35.000000 11.000000 -55.868560 
35.000000 12.000000 -39.313832 
35.000000 13.000000 -23.741705 
35.000000 14.000000 -9.152178 
35.000000 15.000000 4.454750 
35.000000 16.000000 17.079077 
35.000000 17.000000 28.720804 
35.000000 18.000000 39.379931 
35.000000 19.000000 49.056458 
35.000000 20.000000 57.750385 
35.000000 21.000000 65.461713 
35.000000 22.000000 72.190440 
35.000000 23.000000 77.936567 
35.000000 24.000000 82.700094 
35.000000 25.000000 86.481021 
35.000000 26.000000 89.279347 
35.000000 27.000000 91.095074 
35.000000 28.000000 91.928201 
35.000000 29.000000 91.778728 
35.000000 30.000000 90.646655 
35.000000 31.000000 88.531982 
35.000000 32.000000 85.434708 
35.000000 33.000000 81.354835 
35.000000 34.000000 76.292362 
35.000000 35.000000 70.247288 
35.000000 36.000000 63.219615 
35.000000 37.000000 55.209341 
35.000000 38.000000 46.216468 
35.000000 39.000000 36.240994 
35.000000 40.000000 25.282921 
36.000000 0.000000 -337.826638 
36.000000 1.000000 -309.807076 
36.000000 2.000000 -282.770113 
36.000000 3.000000 -256.715751 
36.000000 4.000000 -231.643989 
36.000000 5.000000 -207.554827 
36.000000 6.000000 -184.448266 
36.000000 7.000000 -162.324304 
36.000000 8.000000 -141.182942 
36.000000 9.000000 -121.024180 
36.000000 10.000000 -101.848018 
36.000000 11.000000 -83.654456 
36.000000 12.000000 -66.443495 
36.000000 13.000000 -50.215133 
36.000000 14.000000 -34.969371 
36.000000 15.000000 -20.706210 
36.000000 16.000000 -7.425648 
36.000000 17.000000 4.872314 
36.000000 18.000000 16.187675 
36.000000 19.000000 26.520437 
36.000000 20.000000 35.870598 
36.000000 21.000000 44.238160 
36.000000 22.000000 51.623121 
36.000000 23.000000 58.025482 
36.000000 24.000000 63.445244 
36.000000 25.000000 67.882405 
36.000000 26.000000 71.336966 
36.000000 27.000000 73.808928 
36.000000 28.000000 75.298289 
36.000000 29.000000 75.805050 
36.000000 30.000000 75.329211 
36.000000 31.000000 73.870772 
36.000000 32.000000 71.429734 
36.000000 33.000000 68.006095 
36.000000 34.000000 63.599856 
36.000000 35.000000 58.211017 
36.000000 36.000000 51.839578 
36.000000 37.000000 44.485539 
36.000000 38.000000 36.148900 
36.000000 39.000000 26.829660 
36.000000 40.000000 16.527821 
37.000000 0.000000 -374.301726 
37.000000 1.000000 -345.625929 
37.000000 2.000000 -317.932733 
37.000000 3.000000 -291.222137 
37.000000 4.000000 -265.494140 
37.000000 5.000000 -240.748744 
37.000000 6.000000 -216.985948 
37.000000 7.000000 -194.205751 
37.000000 8.000000 -172.408155 
37.000000 9.000000 -151.593159 
37.000000 10.000000 -131.760763 
37.000000 11.000000 -112.910966 
37.000000 12.000000 -95.043770 
37.000000 13.000000 -78.159174 
37.000000 14.000000 -62.257178 
37.000000 15.000000 -47.337782 
37.000000 16.000000 -33.400986 
37.000000 17.000000 -20.446790 
37.000000 18.000000 -8.475194 
37.000000 19.000000 2.513802 
37.000000 20.000000 12.520198 
37.000000 21.000000 21.543993 
37.000000 22.000000 29.585189 
37.000000 23.000000 36.643785 
37.000000 24.000000 42.719781 
37.000000 25.000000 47.813176 
37.000000 26.000000 51.923972 
37.000000 27.000000 55.052168 
37.000000 28.000000 57.197763 
37.000000 29.000000 58.360759 
37.000000 30.000000 58.541154 
37.000000 31.000000 57.738950 
37.000000 32.000000 55.954146 
37.000000 33.000000 53.186741 
37.000000 34.000000 49.436736 
37.000000 35.000000 44.704132 
37.000000 36.000000 38.988927 
37.000000 37.000000 32.291122 
37.000000 38.000000 24.610718 
37.000000 39.000000 15.947713 
37.000000 40.000000 6.302108 
38.000000 0.000000 -412.247428 
38.000000 1.000000 -382.915397 
38.000000 2.000000 -354.565966 
38.000000 3.000000 -327.199135 
38.000000 4.000000 -300.814904 
38.000000 5.000000 -275.413274 
38.000000 6.000000 -250.994243 
38.000000 7.000000 -227.557812 
38.000000 8.000000 -205.103982 
38.000000 9.000000 -183.632751 
38.000000 10.000000 -163.144120 
38.000000 11.000000 -143.638090 
38.000000 12.000000 -125.114659 
38.000000 13.000000 -107.573829 
38.000000 14.000000 -91.015598 
38.000000 15.000000 -75.439968 
38.000000 16.000000 -60.846938 
38.000000 17.000000 -47.236507 
38.000000 18.000000 -34.608677 
38.000000 19.000000 -22.963447 
38.000000 20.000000 -12.300816 
38.000000 21.000000 -2.620786 
38.000000 22.000000 6.076644 
38.000000 23.000000 13.791474 
38.000000 24.000000 20.523704 
38.000000 25.000000 26.273334 
38.000000 26.000000 31.040364 
38.000000 27.000000 34.824794 
38.000000 28.000000 37.626624 
38.000000 29.000000 39.445854 
38.000000 30.000000 40.282484 
38.000000 31.000000 40.136514 
38.000000 32.000000 39.007944 
38.000000 33.000000 36.896774 
38.000000 34.000000 33.803004 
38.000000 35.000000 29.726633 
38.000000 36.000000 24.667663 
38.000000 37.000000 18.626093 
38.000000 38.000000 11.601923 
38.000000 39.000000 3.595152 
38.000000 40.000000 -5.394218 
39.000000 0.000000 -451.663743 
39.000000 1.000000 -421.675477 
39.000000 2.000000 -392.669812 
39.000000 3.000000 -364.646747 
39.000000 4.000000 -337.606282 
39.000000 5.000000 -311.548417 
39.000000 6.000000 -286.473152 
39.000000 7.000000 -262.380487 
39.000000 8.000000 -239.270422 
39.000000 9.000000 -217.142957 
39.000000 10.000000 -195.998092 
39.000000 11.000000 -175.835827 
39.000000 12.000000 -156.656162 
39.000000 13.000000 -138.459097 
39.000000 14.000000 -121.244632 
39.000000 15.000000 -105.012767 
39.000000 16.000000 -89.763503 
39.000000 17.000000 -75.496838 
39.000000 18.000000 -62.212773 
39.000000 19.000000 -49.911309 
39.000000 20.000000 -38.592444 
39.000000 21.000000 -28.256179 
39.000000 22.000000 -18.902515 
39.000000 23.000000 -10.531450 
39.000000 24.000000 -3.142986 
39.000000 25.000000 3.262879 
39.000000 26.000000 8.686143 
39.000000 27.000000 13.126808 
39.000000 28.000000 16.584872 
39.000000 29.000000 19.060336 
39.000000 30.000000 20.553201 
39.000000 31.000000 21.063465 
39.000000 32.000000 20.591129 
39.000000 33.000000 19.136193 
39.000000 34.000000 16.698657 
39.000000 35.000000 13.278522 
39.000000 36.000000 8.875786 
39.000000 37.000000 3.490450 
39.000000 38.000000 -2.877486 
39.000000 39.000000 -10.228022 
39.000000 40.000000 -18.561158 
40.000000 0.000000 -492.550671 
40.000000 1.000000 -461.906171 
40.000000 2.000000 -432.244272 
40.000000 3.000000 -403.564972 
40.000000 4.000000 -375.868273 
40.000000 5.000000 -349.154173 
40.000000 6.000000 -323.422674 
40.000000 7.000000 -298.673774 
40.000000 8.000000 -274.907475 
40.000000 9.000000 -252.123776 
40.000000 10.000000 -230.322676 
40.000000 11.000000 -209.504177 
40.000000 12.000000 -189.668278 
40.000000 13.000000 -170.814979 
40.000000 14.000000 -152.944279 
40.000000 15.000000 -136.056180 
40.000000 16.000000 -120.150681 
40.000000 17.000000 -105.227782 
40.000000 18.000000 -91.287483 
40.000000 19.000000 -78.329784 
40.000000 20.000000 -66.354685 
40.000000 21.000000 -55.362186 
40.000000 22.000000 -45.352287 
40.000000 23.000000 -36.324988 
40.000000 24.000000 -28.280289 
40.000000 25.000000 -21.218190 
40.000000 26.000000 -15.138691 
40.000000 27.000000 -10.041793 
40.000000 28.000000 -5.927494 
40.000000 29.000000 -2.795795 
40.000000 30.000000 -0.646696 
40.000000 31.000000 0.519802 
40.000000 32.000000 0.703701 
40.000000 33.000000 -0.095001 
40.000000 34.000000 -1.876302 
40.000000 35.000000 -4.640204 
40.000000 36.000000 -8.386705 
40.000000 37.000000 -13.115807 
40.000000 38.000000 -18.827508 
40.000000 39.000000 -25.521810 
40.000000 40.000000 -33.198711 
