This is TeX, Version 3.14159 (Web2C 7.4.5) (format=latex 2007.8.1)  25 SEP 2007 17:35
**refman.tex
(./refman.tex
LaTeX2e <2001/06/01>
Babel <v3.7h> and hyphenation patterns for american, french, german, ngerman, n
ohyphenation, loaded.
(/usr/share/texmf/tex/latex/base/book.cls
Document Class: book 2001/04/21 v1.4e Standard LaTeX document class
(/usr/share/texmf/tex/latex/base/bk10.clo
File: bk10.clo 2001/04/21 v1.4e Standard LaTeX file (size option)
)
\c@part=\count79
\c@chapter=\count80
\c@section=\count81
\c@subsection=\count82
\c@subsubsection=\count83
\c@paragraph=\count84
\c@subparagraph=\count85
\c@figure=\count86
\c@table=\count87
\abovecaptionskip=\skip41
\belowcaptionskip=\skip42
\bibindent=\dimen102
)
(/usr/share/texmf/tex/latex/misc/a4wide.sty
Package: a4wide 1994/08/30

(/usr/share/texmf/tex/latex/ntgclass/a4.sty
Package: a4 1999/03/03 v1.2f A4 based page layout
))
(/usr/share/texmf/tex/latex/base/makeidx.sty
Package: makeidx 2000/03/29 v1.0m Standard LaTeX package
)
(/usr/share/texmf/tex/latex/fancyhdr/fancyhdr.sty
\headwidth=\dimen103
)
(/usr/share/texmf/tex/latex/graphics/graphicx.sty
Package: graphicx 1999/02/16 v1.0f Enhanced LaTeX Graphics (DPC,SPQR)

(/usr/share/texmf/tex/latex/graphics/keyval.sty
Package: keyval 1999/03/16 v1.13 key=value parser (DPC)
\KV@toks@=\toks14
)
(/usr/share/texmf/tex/latex/graphics/graphics.sty
Package: graphics 2001/07/07 v1.0n Standard LaTeX Graphics (DPC,SPQR)

(/usr/share/texmf/tex/latex/graphics/trig.sty
Package: trig 1999/03/16 v1.09 sin cos tan (DPC)
)
(/usr/share/texmf/tex/latex/config/graphics.cfg
File: graphics.cfg 2001/08/31 v1.1 graphics configuration of teTeX/TeXLive
)
Package graphics Info: Driver file: dvips.def on input line 80.

(/usr/share/texmf/tex/latex/graphics/dvips.def
File: dvips.def 1999/02/16 v3.0i Driver-dependant file (DPC,SPQR)
))
\Gin@req@height=\dimen104
\Gin@req@width=\dimen105
)
(/usr/share/texmf/tex/latex/tools/multicol.sty
Package: multicol 2000/07/10 v1.5z multicolumn formatting (FMi)
\c@tracingmulticols=\count88
\mult@box=\box26
\multicol@leftmargin=\dimen106
\c@unbalance=\count89
\c@collectmore=\count90
\doublecol@number=\count91
\multicoltolerance=\count92
\multicolpretolerance=\count93
\full@width=\dimen107
\page@free=\dimen108
\premulticols=\dimen109
\postmulticols=\dimen110
\multicolsep=\skip43
\multicolbaselineskip=\skip44
\partial@page=\box27
\last@line=\box28
\mult@rightbox=\box29
\mult@grightbox=\box30
\mult@gfirstbox=\box31
\mult@firstbox=\box32
\@tempa=\box33
\@tempa=\box34
\@tempa=\box35
\@tempa=\box36
\@tempa=\box37
\@tempa=\box38
\@tempa=\box39
\@tempa=\box40
\@tempa=\box41
\@tempa=\box42
\@tempa=\box43
\@tempa=\box44
\@tempa=\box45
\@tempa=\box46
\@tempa=\box47
\@tempa=\box48
\@tempa=\box49
\c@columnbadness=\count94
\c@finalcolumnbadness=\count95
\last@try=\dimen111
\multicolovershoot=\dimen112
\multicolundershoot=\dimen113
\mult@nat@firstbox=\box50
\colbreak@box=\box51
)
(/usr/share/texmf/tex/latex/misc/float.sty
Package: float 2001/11/08 v1.3d Float enhancements (AL)
\c@float@type=\count96
\float@exts=\toks15
\float@box=\box52
\@float@everytoks=\toks16
\@floatcapt=\box53
)
(/usr/share/texmf/tex/latex/base/textcomp.sty
Package: textcomp 2001/06/05 v1.94 Standard LaTeX package

(/usr/share/texmf/tex/latex/base/ts1enc.def
File: ts1enc.def 2001/06/05 v3.0e (jk/car/fm) Standard LaTeX file
))
(/usr/share/texmf/tex/latex/base/alltt.sty
Package: alltt 1997/06/16 v2.0g defines alltt environment
) (./doxygen.sty
Package: doxygen 

(/usr/share/texmf/tex/latex/tools/calc.sty
Package: calc 1998/07/07 v4.1b Infix arithmetic (KKT,FJ)
\calc@Acount=\count97
\calc@Bcount=\count98
\calc@Adimen=\dimen114
\calc@Bdimen=\dimen115
\calc@Askip=\skip45
\calc@Bskip=\skip46
LaTeX Info: Redefining \setlength on input line 59.
LaTeX Info: Redefining \addtolength on input line 60.
\calc@denominator=\count99
)
(/usr/share/texmf/tex/latex/tools/array.sty
Package: array 1998/05/13 v2.3m Tabular extension package (FMi)
\col@sep=\dimen116
\extrarowheight=\dimen117
\NC@list=\toks17
\extratabsurround=\skip47
\backup@length=\skip48
)
\tmplength=\skip49
)
(/usr/share/texmf/tex/latex/base/fontenc.sty
Package: fontenc 2001/06/05 v1.94 Standard LaTeX package

(/usr/share/texmf/tex/latex/base/t1enc.def
File: t1enc.def 2001/06/05 v1.94 Standard LaTeX file
LaTeX Font Info:    Redeclaring font encoding T1 on input line 38.
))
\@indexfile=\write3
\openout3 = `refman.idx'.


Writing index file refman.idx
(./refman.aux)
\openout1 = `refman.aux'.

LaTeX Font Info:    Checking defaults for OML/cmm/m/it on input line 14.
LaTeX Font Info:    ... okay on input line 14.
LaTeX Font Info:    Checking defaults for T1/cmr/m/n on input line 14.
LaTeX Font Info:    ... okay on input line 14.
LaTeX Font Info:    Checking defaults for OT1/cmr/m/n on input line 14.
LaTeX Font Info:    ... okay on input line 14.
LaTeX Font Info:    Checking defaults for OMS/cmsy/m/n on input line 14.
LaTeX Font Info:    ... okay on input line 14.
LaTeX Font Info:    Checking defaults for OMX/cmex/m/n on input line 14.
LaTeX Font Info:    ... okay on input line 14.
LaTeX Font Info:    Checking defaults for U/cmr/m/n on input line 14.
LaTeX Font Info:    ... okay on input line 14.
LaTeX Font Info:    Checking defaults for TS1/cmr/m/n on input line 14.
LaTeX Font Info:    Try loading font information for TS1+cmr on input line 14.
 (/usr/share/texmf/tex/latex/base/ts1cmr.fd
File: ts1cmr.fd 1999/05/25 v2.5h Standard LaTeX font definitions
)
LaTeX Font Info:    ... okay on input line 14.
 [1


] [2

]
(./refman.toc
LaTeX Font Info:    External font `cmex10' loaded for size
(Font)              <7> on input line 2.
LaTeX Font Info:    External font `cmex10' loaded for size
(Font)              <5> on input line 2.
)
\tf@toc=\write4
\openout4 = `refman.toc'.

 [1

] [2

]
Chapter 1.
(./annotated.tex) [1

] [2

]
Chapter 2.
(./files.tex) [3] [4

]
Chapter 3.
(./classRBF.tex
LaTeX Font Info:    Try loading font information for T1+cmtt on input line 6.
 (/usr/share/texmf/tex/latex/base/t1cmtt.fd
File: t1cmtt.fd 1999/05/25 v2.5h Standard LaTeX font definitions
)
LaTeX Font Info:    External font `cmex10' loaded for size
(Font)              <9> on input line 24.
LaTeX Font Info:    External font `cmex10' loaded for size
(Font)              <6> on input line 24.
 [5]
Underfull \hbox (badness 1137) in paragraph at lines 40--40
[]\T1/cmr/m/it/9 This func-tion ap-prox-i-mates the datas which are stored in t
he ar-rays $\OML/cmm/m/it/9 <$\T1/cmr/m/it/9 inputdata$\OML/cmm/m/it/9 >$ \T1/c
mr/m/it/9 and
 []

[6] [7]
Underfull \hbox (badness 10000) in paragraph at lines 118--118

 []


Underfull \hbox (badness 10000) in paragraph at lines 130--130

 []

[8]
Underfull \hbox (badness 10000) in paragraph at lines 142--142

 []


Underfull \hbox (badness 10000) in paragraph at lines 157--157

 []


Underfull \hbox (badness 10000) in paragraph at lines 162--162

 []


Underfull \hbox (badness 10000) in paragraph at lines 174--174

 []


Underfull \hbox (badness 10000) in paragraph at lines 179--179

 []

[9]
Underfull \hbox (badness 10000) in paragraph at lines 191--191

 []


Underfull \hbox (badness 10000) in paragraph at lines 196--196

 []


Underfull \hbox (badness 10000) in paragraph at lines 208--208

 []


Underfull \hbox (badness 10000) in paragraph at lines 213--213

 []


Underfull \hbox (badness 10000) in paragraph at lines 225--225

 []


Underfull \hbox (badness 10000) in paragraph at lines 230--230

 []

[10]
Underfull \hbox (badness 10000) in paragraph at lines 242--242

 []


Underfull \hbox (badness 10000) in paragraph at lines 247--247

 []


Underfull \hbox (badness 10000) in paragraph at lines 259--259

 []


Underfull \hbox (badness 10000) in paragraph at lines 264--264

 []


Underfull \hbox (badness 10000) in paragraph at lines 276--276

 []

[11]
Underfull \hbox (badness 10000) in paragraph at lines 288--288

 []


Underfull \hbox (badness 10000) in paragraph at lines 300--300

 []


Underfull \hbox (badness 10000) in paragraph at lines 312--312

 []


Underfull \hbox (badness 10000) in paragraph at lines 317--317

 []


Underfull \hbox (badness 10000) in paragraph at lines 329--329

 []


Underfull \hbox (badness 10000) in paragraph at lines 334--334

 []


Underfull \hbox (badness 10000) in paragraph at lines 346--346

 []

[12]
Underfull \hbox (badness 10000) in paragraph at lines 351--351

 []


Underfull \hbox (badness 10000) in paragraph at lines 363--363

 []


Underfull \hbox (badness 10000) in paragraph at lines 375--375

 []


Underfull \hbox (badness 10000) in paragraph at lines 387--387

 []


Underfull \hbox (badness 10000) in paragraph at lines 392--392

 []


Underfull \hbox (badness 10000) in paragraph at lines 404--404

 []

[13]
Underfull \hbox (badness 10000) in paragraph at lines 416--416

 []


Underfull \hbox (badness 10000) in paragraph at lines 428--428

 []


Underfull \hbox (badness 10000) in paragraph at lines 440--440

 []


Underfull \hbox (badness 10000) in paragraph at lines 452--452

 []


Underfull \hbox (badness 10000) in paragraph at lines 457--457

 []


Underfull \hbox (badness 10000) in paragraph at lines 469--469

 []

[14]
Underfull \hbox (badness 10000) in paragraph at lines 481--481

 []


Underfull \hbox (badness 10000) in paragraph at lines 486--486

 []


Underfull \hbox (badness 10000) in paragraph at lines 498--498

 []


Underfull \hbox (badness 10000) in paragraph at lines 503--503

 []


Underfull \hbox (badness 10000) in paragraph at lines 515--515

 []


Underfull \hbox (badness 10000) in paragraph at lines 520--520

 []

[15]
Underfull \hbox (badness 10000) in paragraph at lines 532--532

 []


Underfull \hbox (badness 10000) in paragraph at lines 537--537

 []


Underfull \hbox (badness 10000) in paragraph at lines 549--549

 []


Underfull \hbox (badness 10000) in paragraph at lines 561--561

 []


Underfull \hbox (badness 1122) in paragraph at lines 570--571
\T1/cmr/m/n/10 This func-tion ap-prox-i-mates the datas which are stored in the
 ar-rays $\OML/cmm/m/it/10 <$\T1/cmr/m/n/10 inputdata$\OML/cmm/m/it/10 >$ \T1/c
mr/m/n/10 and
 []


Underfull \hbox (badness 10000) in paragraph at lines 573--573

 []


Underfull \hbox (badness 10000) in paragraph at lines 585--585

 []


Underfull \hbox (badness 10000) in paragraph at lines 590--590

 []

[16]
Underfull \hbox (badness 10000) in paragraph at lines 602--602

 []


Underfull \hbox (badness 10000) in paragraph at lines 607--607

 []

) [17] [18

]
Chapter 4.
(./rbf_8h.tex) (./refman.ind [19] [20

] [21

]) (./refman.aux) ) 
Here is how much of TeX's memory you used:
 1659 strings out of 95847
 20891 string characters out of 1194790
 69132 words of memory out of 1000001
 4563 multiletter control sequences out of 10000+50000
 17448 words of font info for 37 fonts, out of 500000 for 1000
 14 hyphenation exceptions out of 1000
 29i,10n,43p,714b,556s stack positions out of 1500i,500n,5000p,200000b,5000s

Output written on refman.dvi (25 pages, 43856 bytes).
