This file contains any messages produced by compilers while
running configure, to aid debugging if configure makes a mistake.

It was created by configure, which was
generated by GNU Autoconf 2.59.  Invocation command line was

  $ ./configure 

## --------- ##
## Platform. ##
## --------- ##

hostname = ibmcluster.erlab
uname -m = i686
uname -r = 2.6.18-53.el5PAE
uname -s = Linux
uname -v = #1 SMP Mon Nov 12 02:55:09 EST 2007

/usr/bin/uname -p = unknown
/bin/uname -X     = unknown

/bin/arch              = i686
/usr/bin/arch -k       = unknown
/usr/convex/getsysinfo = unknown
hostinfo               = unknown
/bin/machine           = unknown
/usr/bin/oslevel       = unknown
/bin/universe          = unknown

PATH: /home/dlim/bin
PATH: /opt/gaussian/g03//
PATH: /opt/gfortran/irun/bin
PATH: /opt/gaussian/g03//
PATH: /opt/gfortran/irun/bin
PATH: /usr/kerberos/bin
PATH: /usr/local/bin
PATH: /bin
PATH: /usr/bin
PATH: /home/dlim/bin
PATH: /home/dlim/bin


## ----------- ##
## Core tests. ##
## ----------- ##

configure:1325: checking for gcc
configure:1341: found /home/dlim/bin/gcc
configure:1351: result: gcc
configure:1595: checking for C compiler version
configure:1598: gcc --version </dev/null >&5
gcc (GCC) 3.4.6 20060404 (Red Hat 3.4.6-4)
Copyright (C) 2006 Free Software Foundation, Inc.
This is free software; see the source for copying conditions.  There is NO
warranty; not even for MERCHANTABILITY or FITNESS FOR A PARTICULAR PURPOSE.

configure:1601: $? = 0
configure:1603: gcc -v </dev/null >&5
Reading specs from /usr/lib/gcc/i386-redhat-linux/3.4.6/specs
Configured with: ../configure --prefix=/usr --mandir=/usr/share/man --infodir=/usr/share/info --enable-shared --enable-threads=posix --disable-checking --with-system-zlib --enable-__cxa_atexit --disable-libunwind-exceptions --enable-languages=c,c++,f77 --disable-libgcj --host=i386-redhat-linux
Thread model: posix
gcc version 3.4.6 20060404 (Red Hat 3.4.6-4)
configure:1606: $? = 0
configure:1608: gcc -V </dev/null >&5
gcc: `-V' option must have argument
configure:1611: $? = 1
configure:1634: checking for C compiler default output file name
configure:1637: gcc    conftest.c  >&5
configure:1640: $? = 0
configure:1686: result: a.out
configure:1691: checking whether the C compiler works
configure:1697: ./a.out
configure:1700: $? = 0
configure:1717: result: yes
configure:1724: checking whether we are cross compiling
configure:1726: result: no
configure:1729: checking for suffix of executables
configure:1731: gcc -o conftest    conftest.c  >&5
configure:1734: $? = 0
configure:1759: result: 
configure:1765: checking for suffix of object files
configure:1786: gcc -c   conftest.c >&5
configure:1789: $? = 0
configure:1811: result: o
configure:1815: checking whether we are using the GNU C compiler
configure:1839: gcc -c   conftest.c >&5
configure:1845: $? = 0
configure:1849: test -z 
			 || test ! -s conftest.err
configure:1852: $? = 0
configure:1855: test -s conftest.o
configure:1858: $? = 0
configure:1871: result: yes
configure:1877: checking whether gcc accepts -g
configure:1898: gcc -c -g  conftest.c >&5
configure:1904: $? = 0
configure:1908: test -z 
			 || test ! -s conftest.err
configure:1911: $? = 0
configure:1914: test -s conftest.o
configure:1917: $? = 0
configure:1928: result: yes
configure:1945: checking for gcc option to accept ANSI C
configure:2015: gcc  -c -g -O2  conftest.c >&5
configure:2021: $? = 0
configure:2025: test -z 
			 || test ! -s conftest.err
configure:2028: $? = 0
configure:2031: test -s conftest.o
configure:2034: $? = 0
configure:2052: result: none needed
configure:2070: gcc -c -g -O2  conftest.c >&5
conftest.c:2: error: syntax error before "me"
configure:2076: $? = 1
configure: failed program was:
| #ifndef __cplusplus
|   choke me
| #endif
configure:2261: checking for g++
configure:2277: found /home/dlim/bin/g++
configure:2287: result: g++
configure:2303: checking for C++ compiler version
configure:2306: g++ --version </dev/null >&5
g++ (GCC) 3.4.6 20060404 (Red Hat 3.4.6-4)
Copyright (C) 2006 Free Software Foundation, Inc.
This is free software; see the source for copying conditions.  There is NO
warranty; not even for MERCHANTABILITY or FITNESS FOR A PARTICULAR PURPOSE.

configure:2309: $? = 0
configure:2311: g++ -v </dev/null >&5
Reading specs from /usr/lib/gcc/i386-redhat-linux/3.4.6/specs
Configured with: ../configure --prefix=/usr --mandir=/usr/share/man --infodir=/usr/share/info --enable-shared --enable-threads=posix --disable-checking --with-system-zlib --enable-__cxa_atexit --disable-libunwind-exceptions --enable-languages=c,c++,f77 --disable-libgcj --host=i386-redhat-linux
Thread model: posix
gcc version 3.4.6 20060404 (Red Hat 3.4.6-4)
configure:2314: $? = 0
configure:2316: g++ -V </dev/null >&5
g++: `-V' option must have argument
configure:2319: $? = 1
configure:2322: checking whether we are using the GNU C++ compiler
configure:2346: g++ -c   conftest.cc >&5
configure:2352: $? = 0
configure:2356: test -z 
			 || test ! -s conftest.err
configure:2359: $? = 0
configure:2362: test -s conftest.o
configure:2365: $? = 0
configure:2378: result: yes
configure:2384: checking whether g++ accepts -g
configure:2405: g++ -c -g  conftest.cc >&5
configure:2411: $? = 0
configure:2415: test -z 
			 || test ! -s conftest.err
configure:2418: $? = 0
configure:2421: test -s conftest.o
configure:2424: $? = 0
configure:2435: result: yes
configure:2477: g++ -c -g -O2  conftest.cc >&5
configure:2483: $? = 0
configure:2487: test -z 
			 || test ! -s conftest.err
configure:2490: $? = 0
configure:2493: test -s conftest.o
configure:2496: $? = 0
configure:2522: g++ -c -g -O2  conftest.cc >&5
conftest.cc: In function `int main()':
conftest.cc:13: error: `exit' was not declared in this scope
configure:2528: $? = 1
configure: failed program was:
| /* confdefs.h.  */
| 
| #define PACKAGE_NAME ""
| #define PACKAGE_TARNAME ""
| #define PACKAGE_VERSION ""
| #define PACKAGE_STRING ""
| #define PACKAGE_BUGREPORT ""
| /* end confdefs.h.  */
| 
| int
| main ()
| {
| exit (42);
|   ;
|   return 0;
| }
configure:2477: g++ -c -g -O2  conftest.cc >&5
configure:2483: $? = 0
configure:2487: test -z 
			 || test ! -s conftest.err
configure:2490: $? = 0
configure:2493: test -s conftest.o
configure:2496: $? = 0
configure:2522: g++ -c -g -O2  conftest.cc >&5
configure:2528: $? = 0
configure:2532: test -z 
			 || test ! -s conftest.err
configure:2535: $? = 0
configure:2538: test -s conftest.o
configure:2541: $? = 0
configure:2568: checking for gfind
configure:2601: result: no
configure:2568: checking for find
configure:2586: found /usr/bin/find
configure:2598: result: /usr/bin/find
configure:2619: checking for make
configure:2637: found /usr/bin/make
configure:2649: result: /usr/bin/make
configure:2670: checking for perl
configure:2688: found /usr/bin/perl
configure:2700: result: /usr/bin/perl
configure:2724: checking how to run the C preprocessor
configure:2759: gcc -E  conftest.c
configure:2765: $? = 0
configure:2797: gcc -E  conftest.c
conftest.c:12:28: ac_nonexistent.h: No such file or directory
configure:2803: $? = 1
configure: failed program was:
| /* confdefs.h.  */
| 
| #define PACKAGE_NAME ""
| #define PACKAGE_TARNAME ""
| #define PACKAGE_VERSION ""
| #define PACKAGE_STRING ""
| #define PACKAGE_BUGREPORT ""
| #ifdef __cplusplus
| extern "C" void std::exit (int) throw (); using std::exit;
| #endif
| /* end confdefs.h.  */
| #include <ac_nonexistent.h>
configure:2842: result: gcc -E
configure:2866: gcc -E  conftest.c
configure:2872: $? = 0
configure:2904: gcc -E  conftest.c
conftest.c:12:28: ac_nonexistent.h: No such file or directory
configure:2910: $? = 1
configure: failed program was:
| /* confdefs.h.  */
| 
| #define PACKAGE_NAME ""
| #define PACKAGE_TARNAME ""
| #define PACKAGE_VERSION ""
| #define PACKAGE_STRING ""
| #define PACKAGE_BUGREPORT ""
| #ifdef __cplusplus
| extern "C" void std::exit (int) throw (); using std::exit;
| #endif
| /* end confdefs.h.  */
| #include <ac_nonexistent.h>
configure:2954: checking for X
configure:3059: gcc -E  conftest.c
conftest.c:12:22: X11/Xlib.h: No such file or directory
configure:3065: $? = 1
configure: failed program was:
| /* confdefs.h.  */
| 
| #define PACKAGE_NAME ""
| #define PACKAGE_TARNAME ""
| #define PACKAGE_VERSION ""
| #define PACKAGE_STRING ""
| #define PACKAGE_BUGREPORT ""
| #ifdef __cplusplus
| extern "C" void std::exit (int) throw (); using std::exit;
| #endif
| /* end confdefs.h.  */
| #include <X11/Xlib.h>
configure:3115: gcc -o conftest -g -O2   conftest.c -lX11  >&5
conftest.c:12:22: X11/Xlib.h: No such file or directory
configure:3121: $? = 1
configure: failed program was:
| /* confdefs.h.  */
| 
| #define PACKAGE_NAME ""
| #define PACKAGE_TARNAME ""
| #define PACKAGE_VERSION ""
| #define PACKAGE_STRING ""
| #define PACKAGE_BUGREPORT ""
| #ifdef __cplusplus
| extern "C" void std::exit (int) throw (); using std::exit;
| #endif
| /* end confdefs.h.  */
| #include <X11/Xlib.h>
| int
| main ()
| {
| XrmInitialize ()
|   ;
|   return 0;
| }
configure:3174: result: no
configure:4344: checking for lesstif
configure:4377: result: no
configure:4383: checking for motif
configure:4412: result: no
configure:4418: checking for libm
configure:4428: result: no
configure:4433: checking for pvm
configure:4452: result: no
configure:4458: checking for Pagode
configure:4465: result: no
configure:4471: checking for MOO-EALib
configure:4478: result: yes
configure:4484: checking for SimAnn
configure:4491: result: no
configure:4497: checking for SpreadCAT
configure:4504: result: no
configure:4636: creating ./config.status

## ---------------------- ##
## Running config.status. ##
## ---------------------- ##

This file was extended by config.status, which was
generated by GNU Autoconf 2.59.  Invocation command line was

  CONFIG_FILES    = 
  CONFIG_HEADERS  = 
  CONFIG_LINKS    = 
  CONFIG_COMMANDS = 
  $ ./config.status 

on ibmcluster.erlab

config.status:650: creating Makefile
config.status:650: creating examples/Makefile
config.status:650: creating man/Makefile
config.status:650: creating doc/Makefile

## ---------------- ##
## Cache variables. ##
## ---------------- ##

ac_cv_c_compiler_gnu=yes
ac_cv_cxx_compiler_gnu=yes
ac_cv_env_CC_set=
ac_cv_env_CC_value=
ac_cv_env_CFLAGS_set=
ac_cv_env_CFLAGS_value=
ac_cv_env_CPPFLAGS_set=
ac_cv_env_CPPFLAGS_value=
ac_cv_env_CPP_set=
ac_cv_env_CPP_value=
ac_cv_env_CXXFLAGS_set=
ac_cv_env_CXXFLAGS_value=
ac_cv_env_CXX_set=
ac_cv_env_CXX_value=
ac_cv_env_LDFLAGS_set=
ac_cv_env_LDFLAGS_value=
ac_cv_env_build_alias_set=
ac_cv_env_build_alias_value=
ac_cv_env_host_alias_set=
ac_cv_env_host_alias_value=
ac_cv_env_target_alias_set=
ac_cv_env_target_alias_value=
ac_cv_exeext=
ac_cv_have_x=have_x=no
ac_cv_objext=o
ac_cv_path_FIND=/usr/bin/find
ac_cv_path_MAKE=/usr/bin/make
ac_cv_path_PERL=/usr/bin/perl
ac_cv_prog_CPP='gcc -E'
ac_cv_prog_ac_ct_CC=gcc
ac_cv_prog_ac_ct_CXX=g++
ac_cv_prog_cc_g=yes
ac_cv_prog_cc_stdc=
ac_cv_prog_cxx_g=yes

## ----------------- ##
## Output variables. ##
## ----------------- ##

CC='gcc'
CFLAGS='-g -O2'
CPP='gcc -E'
CPPFLAGS=''
CXX='g++'
CXXFLAGS='-g -O2'
DEFS='-DPACKAGE_NAME=\"\" -DPACKAGE_TARNAME=\"\" -DPACKAGE_VERSION=\"\" -DPACKAGE_STRING=\"\" -DPACKAGE_BUGREPORT=\"\" -DX_DISPLAY_MISSING=1 '
ECHO_C=''
ECHO_N='-n'
ECHO_T=''
EXEEXT=''
FIND='/usr/bin/find'
FLAG_MOEALIB='__is_existent__'
FLAG_PAGODE=''
FLAG_SIMANN=''
FLAG_SPREADCAT=''
LDFLAGS=''
LIBOBJS=''
LIBS=''
LIBS_PVM=''
LTLIBOBJS=''
MAKE='/usr/bin/make'
OBJEXT='o'
PACKAGE_BUGREPORT=''
PACKAGE_NAME=''
PACKAGE_STRING=''
PACKAGE_TARNAME=''
PACKAGE_VERSION=''
PATH_SEPARATOR=':'
PERL='/usr/bin/perl'
SHELL='/bin/sh'
X_CFLAGS=''
X_EXTRA_LIBS=''
X_LIBS=''
X_PRE_LIBS=''
ac_ct_CC='gcc'
ac_ct_CXX='g++'
bindir='${exec_prefix}/bin'
build_alias=''
datadir='${prefix}/share'
exec_prefix='${prefix}'
host_alias=''
includedir='${prefix}/include'
infodir='${prefix}/info'
libdir='${exec_prefix}/lib'
libexecdir='${exec_prefix}/libexec'
localstatedir='${prefix}/var'
mandir='${prefix}/man'
oldincludedir='/usr/include'
prefix='/usr/local'
program_transform_name='s,x,x,'
sbindir='${exec_prefix}/sbin'
sharedstatedir='${prefix}/com'
sysconfdir='${prefix}/etc'
target_alias=''

## ----------- ##
## confdefs.h. ##
## ----------- ##

#define PACKAGE_BUGREPORT ""
#define PACKAGE_NAME ""
#define PACKAGE_STRING ""
#define PACKAGE_TARNAME ""
#define PACKAGE_VERSION ""
#define X_DISPLAY_MISSING 1
#endif
#ifdef __cplusplus
extern "C" void std::exit (int) throw (); using std::exit;

configure: exit 0
